<?xml version="1.0" encoding="UTF-8"?>
<?xml-stylesheet type="text/xsl" href="ivy-report.xsl"?>
<ivy-report version="1.0">
	<info
		organisation="test"
		module="test$sources_2.11"
		revision="1.0-SNAPSHOT"
		conf="runtime-internal"
		confs="compile, runtime, test, provided, optional, compile-internal, runtime-internal, test-internal, plugin, sources, docs, pom, scala-tool"
		date="20160818114340"/>
	<dependencies>
		<module organisation="com.typesafe.play" name="play-jdbc_2.11">
			<revision name="2.5.4" status="release" pubdate="20160610052210" resolver="sbt-chain" artresolver="sbt-chain" homepage="https://playframework.com" downloaded="false" searched="false" default="false" conf="default, compile, runtime, default(compile), master" position="63">
				<license name="Apache-2.0" url="http://www.apache.org/licenses/LICENSE-2.0.html"/>
				<metadata-artifact status="no" details="" size="4245" time="0" location="/home/mosa/.ivy2/cache/com.typesafe.play/play-jdbc_2.11/ivy-2.5.4.xml" searched="false" origin-is-local="false" origin-location="https://repo1.maven.org/maven2/com/typesafe/play/play-jdbc_2.11/2.5.4/play-jdbc_2.11-2.5.4.pom"/>
				<caller organisation="test" name="test$sources_2.11" conf="compile, runtime-internal, runtime, optional" rev="2.5.4" rev-constraint-default="2.5.4" rev-constraint-dynamic="2.5.4" callerrev="1.0-SNAPSHOT"/>
				<artifacts>
					<artifact name="play-jdbc_2.11" type="src" ext="jar" extra-classifier="sources" status="no" details="" size="14625" time="0" location="/home/mosa/.ivy2/cache/com.typesafe.play/play-jdbc_2.11/srcs/play-jdbc_2.11-2.5.4-sources.jar">
						<origin-location is-local="false" location="https://repo1.maven.org/maven2/com/typesafe/play/play-jdbc_2.11/2.5.4/play-jdbc_2.11-2.5.4-sources.jar"/>
					</artifact>
				</artifacts>
			</revision>
		</module>
		<module organisation="com.h2database" name="h2">
			<revision name="1.4.191" status="release" pubdate="20160121230231" resolver="sbt-chain" artresolver="sbt-chain" homepage="http://www.h2database.com" downloaded="false" searched="false" default="false" conf="compile, runtime(*), master(compile), runtime, compile(*), master" position="58">
				<license name="MPL 2.0, and EPL 1.0" url="http://h2database.com/html/license.html"/>
				<metadata-artifact status="no" details="" size="2456" time="0" location="/home/mosa/.ivy2/cache/com.h2database/h2/ivy-1.4.191.xml" searched="false" origin-is-local="false" origin-location="https://repo1.maven.org/maven2/com/h2database/h2/1.4.191/h2-1.4.191.pom"/>
				<caller organisation="test" name="test$sources_2.11" conf="compile, runtime-internal, runtime, optional" rev="1.4.191" rev-constraint-default="1.4.191" rev-constraint-dynamic="1.4.191" callerrev="1.0-SNAPSHOT"/>
				<artifacts>
					<artifact name="h2" type="src" ext="jar" extra-classifier="sources" status="no" details="" size="1231563" time="0" location="/home/mosa/.ivy2/cache/com.h2database/h2/srcs/h2-1.4.191-sources.jar">
						<origin-location is-local="false" location="https://repo1.maven.org/maven2/com/h2database/h2/1.4.191/h2-1.4.191-sources.jar"/>
					</artifact>
				</artifacts>
			</revision>
		</module>
		<module organisation="com.jolbox" name="bonecp">
			<revision name="0.8.0.RELEASE" status="release" pubdate="20131023134844" resolver="sbt-chain" artresolver="sbt-chain" homepage="" downloaded="false" searched="false" default="false" conf="compile, runtime(*), master(compile), runtime, compile(*), master" position="56">
				<license name="Apache v2" url="http://www.apache.org/licenses/LICENSE-2.0.html"/>
				<metadata-artifact status="no" details="" size="8118" time="0" location="/home/mosa/.ivy2/cache/com.jolbox/bonecp/ivy-0.8.0.RELEASE.xml" searched="false" origin-is-local="false" origin-location="https://repo1.maven.org/maven2/com/jolbox/bonecp/0.8.0.RELEASE/bonecp-0.8.0.RELEASE.pom"/>
				<caller organisation="test" name="test$sources_2.11" conf="compile, runtime-internal, runtime, optional" rev="0.8.0.RELEASE" rev-constraint-default="0.8.0.RELEASE" rev-constraint-dynamic="0.8.0.RELEASE" callerrev="1.0-SNAPSHOT"/>
				<artifacts>
					<artifact name="bonecp" type="src" ext="jar" extra-classifier="sources" status="no" details="" size="101324" time="0" location="/home/mosa/.ivy2/cache/com.jolbox/bonecp/srcs/bonecp-0.8.0.RELEASE-sources.jar">
						<origin-location is-local="false" location="https://repo1.maven.org/maven2/com/jolbox/bonecp/0.8.0.RELEASE/bonecp-0.8.0.RELEASE-sources.jar"/>
					</artifact>
				</artifacts>
			</revision>
		</module>
		<module organisation="com.typesafe.play" name="play-ws_2.11">
			<revision name="2.5.4" status="release" pubdate="20160610052203" resolver="sbt-chain" artresolver="sbt-chain" homepage="https://playframework.com" downloaded="false" searched="false" default="false" conf="default, compile, runtime, default(compile), master" position="45">
				<license name="Apache-2.0" url="http://www.apache.org/licenses/LICENSE-2.0.html"/>
				<metadata-artifact status="no" details="" size="4259" time="0" location="/home/mosa/.ivy2/cache/com.typesafe.play/play-ws_2.11/ivy-2.5.4.xml" searched="false" origin-is-local="false" origin-location="https://repo1.maven.org/maven2/com/typesafe/play/play-ws_2.11/2.5.4/play-ws_2.11-2.5.4.pom"/>
				<caller organisation="test" name="test$sources_2.11" conf="compile, runtime-internal, runtime, optional" rev="2.5.4" rev-constraint-default="2.5.4" rev-constraint-dynamic="2.5.4" callerrev="1.0-SNAPSHOT"/>
				<artifacts>
					<artifact name="play-ws_2.11" type="src" ext="jar" extra-classifier="sources" status="no" details="" size="66352" time="0" location="/home/mosa/.ivy2/cache/com.typesafe.play/play-ws_2.11/srcs/play-ws_2.11-2.5.4-sources.jar">
						<origin-location is-local="false" location="https://repo1.maven.org/maven2/com/typesafe/play/play-ws_2.11/2.5.4/play-ws_2.11-2.5.4-sources.jar"/>
					</artifact>
				</artifacts>
			</revision>
		</module>
		<module organisation="oauth.signpost" name="signpost-commonshttp4">
			<revision name="1.2.1.2" status="release" pubdate="20120226101621" resolver="sbt-chain" artresolver="sbt-chain" homepage="" downloaded="false" searched="false" default="false" conf="compile, runtime(*), master(compile), runtime, compile(*), master" position="74">
				<license name="The Apache Software License, Version 2.0" url="http://www.apache.org/licenses/LICENSE-2.0.txt"/>
				<metadata-artifact status="no" details="" size="3949" time="0" location="/home/mosa/.ivy2/cache/oauth.signpost/signpost-commonshttp4/ivy-1.2.1.2.xml" searched="false" origin-is-local="false" origin-location="https://repo1.maven.org/maven2/oauth/signpost/signpost-commonshttp4/1.2.1.2/signpost-commonshttp4-1.2.1.2.pom"/>
				<caller organisation="test" name="test$sources_2.11" conf="compile, runtime-internal, runtime, optional" rev="1.2.1.2" rev-constraint-default="1.2.1.2" rev-constraint-dynamic="1.2.1.2" callerrev="1.0-SNAPSHOT"/>
				<artifacts>
					<artifact name="signpost-commonshttp4" type="src" ext="jar" extra-classifier="sources" status="no" details="" size="4178" time="0" location="/home/mosa/.ivy2/cache/oauth.signpost/signpost-commonshttp4/srcs/signpost-commonshttp4-1.2.1.2-sources.jar">
						<origin-location is-local="false" location="https://repo1.maven.org/maven2/oauth/signpost/signpost-commonshttp4/1.2.1.2/signpost-commonshttp4-1.2.1.2-sources.jar"/>
					</artifact>
				</artifacts>
			</revision>
		</module>
		<module organisation="org.apache.httpcomponents" name="httpclient">
			<revision name="4.0.1" status="release" pubdate="20091209212018" resolver="sbt-chain" artresolver="sbt-chain" homepage="http://hc.apache.org/httpcomponents-client" downloaded="false" searched="false" default="false" conf="compile, runtime(*), master(compile), runtime, compile(*), master" position="48">
				<license name="Apache License" url="../LICENSE.txt"/>
				<metadata-artifact status="no" details="" size="5178" time="0" location="/home/mosa/.ivy2/cache/org.apache.httpcomponents/httpclient/ivy-4.0.1.xml" searched="false" origin-is-local="false" origin-location="https://repo1.maven.org/maven2/org/apache/httpcomponents/httpclient/4.0.1/httpclient-4.0.1.pom"/>
				<caller organisation="test" name="test$sources_2.11" conf="compile, runtime-internal, runtime, optional" rev="4.0.1" rev-constraint-default="4.0.1" rev-constraint-dynamic="4.0.1" callerrev="1.0-SNAPSHOT"/>
				<artifacts>
					<artifact name="httpclient" type="src" ext="jar" extra-classifier="sources" status="no" details="" size="389445" time="0" location="/home/mosa/.ivy2/cache/org.apache.httpcomponents/httpclient/srcs/httpclient-4.0.1-sources.jar">
						<origin-location is-local="false" location="https://repo1.maven.org/maven2/org/apache/httpcomponents/httpclient/4.0.1/httpclient-4.0.1-sources.jar"/>
					</artifact>
				</artifacts>
			</revision>
		</module>
		<module organisation="org.apache.httpcomponents" name="httpcore">
			<revision name="4.0.1" status="release" pubdate="20090621140836" resolver="sbt-chain" artresolver="sbt-chain" homepage="http://hc.apache.org/httpcomponents-core/" downloaded="false" searched="false" default="false" conf="compile, runtime(*), master(compile), runtime, compile(*), master" position="54">
				<license name="Apache License" url="http://www.apache.org/licenses/LICENSE-2.0.html"/>
				<metadata-artifact status="no" details="" size="4460" time="0" location="/home/mosa/.ivy2/cache/org.apache.httpcomponents/httpcore/ivy-4.0.1.xml" searched="false" origin-is-local="false" origin-location="https://repo1.maven.org/maven2/org/apache/httpcomponents/httpcore/4.0.1/httpcore-4.0.1.pom"/>
				<caller organisation="test" name="test$sources_2.11" conf="compile, runtime-internal, runtime, optional" rev="4.0.1" rev-constraint-default="4.0.1" rev-constraint-dynamic="4.0.1" callerrev="1.0-SNAPSHOT"/>
				<artifacts>
					<artifact name="httpcore" type="src" ext="jar" extra-classifier="sources" status="no" details="" size="291844" time="0" location="/home/mosa/.ivy2/cache/org.apache.httpcomponents/httpcore/srcs/httpcore-4.0.1-sources.jar">
						<origin-location is-local="false" location="https://repo1.maven.org/maven2/org/apache/httpcomponents/httpcore/4.0.1/httpcore-4.0.1-sources.jar"/>
					</artifact>
				</artifacts>
			</revision>
		</module>
		<module organisation="org.asynchttpclient" name="async-http-client">
			<revision name="2.0.2" status="release" pubdate="20160421175548" resolver="sbt-chain" artresolver="sbt-chain" homepage="" downloaded="false" searched="false" default="false" conf="compile, runtime(*), master(compile), runtime, compile(*), master" position="66">
				<license name="Apache License 2.0" url="http://www.apache.org/licenses/LICENSE-2.0.html"/>
				<metadata-artifact status="no" details="" size="8701" time="0" location="/home/mosa/.ivy2/cache/org.asynchttpclient/async-http-client/ivy-2.0.2.xml" searched="false" origin-is-local="false" origin-location="https://repo1.maven.org/maven2/org/asynchttpclient/async-http-client/2.0.2/async-http-client-2.0.2.pom"/>
				<caller organisation="test" name="test$sources_2.11" conf="compile, runtime-internal, runtime, optional" rev="2.0.2" rev-constraint-default="2.0.2" rev-constraint-dynamic="2.0.2" callerrev="1.0-SNAPSHOT"/>
				<artifacts>
					<artifact name="async-http-client" type="src" ext="jar" extra-classifier="sources" status="no" details="" size="312545" time="0" location="/home/mosa/.ivy2/cache/org.asynchttpclient/async-http-client/srcs/async-http-client-2.0.2-sources.jar">
						<origin-location is-local="false" location="https://repo1.maven.org/maven2/org/asynchttpclient/async-http-client/2.0.2/async-http-client-2.0.2-sources.jar"/>
					</artifact>
				</artifacts>
			</revision>
		</module>
		<module organisation="org.asynchttpclient" name="netty-resolver-dns">
			<revision name="2.0.2" status="release" pubdate="20160421175519" resolver="sbt-chain" artresolver="sbt-chain" homepage="" downloaded="false" searched="false" default="false" conf="compile, runtime(*), master(compile), runtime, compile(*), master" position="68">
				<license name="Apache License 2.0" url="http://www.apache.org/licenses/LICENSE-2.0.html"/>
				<metadata-artifact status="no" details="" size="9419" time="0" location="/home/mosa/.ivy2/cache/org.asynchttpclient/netty-resolver-dns/ivy-2.0.2.xml" searched="false" origin-is-local="false" origin-location="https://repo1.maven.org/maven2/org/asynchttpclient/netty-resolver-dns/2.0.2/netty-resolver-dns-2.0.2.pom"/>
				<caller organisation="test" name="test$sources_2.11" conf="compile, runtime-internal, runtime, optional" rev="2.0.2" rev-constraint-default="2.0.2" rev-constraint-dynamic="2.0.2" callerrev="1.0-SNAPSHOT"/>
				<artifacts>
					<artifact name="netty-resolver-dns" type="src" ext="jar" extra-classifier="sources" status="no" details="" size="36241" time="0" location="/home/mosa/.ivy2/cache/org.asynchttpclient/netty-resolver-dns/srcs/netty-resolver-dns-2.0.2-sources.jar">
						<origin-location is-local="false" location="https://repo1.maven.org/maven2/org/asynchttpclient/netty-resolver-dns/2.0.2/netty-resolver-dns-2.0.2-sources.jar"/>
					</artifact>
				</artifacts>
			</revision>
		</module>
		<module organisation="org.asynchttpclient" name="netty-resolver">
			<revision name="2.0.2" status="release" pubdate="20160421175501" resolver="sbt-chain" artresolver="sbt-chain" homepage="" downloaded="false" searched="false" default="false" conf="compile, runtime(*), master(compile), runtime, compile(*), master" position="47">
				<license name="Apache License 2.0" url="http://www.apache.org/licenses/LICENSE-2.0.html"/>
				<metadata-artifact status="no" details="" size="9103" time="0" location="/home/mosa/.ivy2/cache/org.asynchttpclient/netty-resolver/ivy-2.0.2.xml" searched="false" origin-is-local="false" origin-location="https://repo1.maven.org/maven2/org/asynchttpclient/netty-resolver/2.0.2/netty-resolver-2.0.2.pom"/>
				<caller organisation="test" name="test$sources_2.11" conf="compile, runtime-internal, runtime, optional" rev="2.0.2" rev-constraint-default="2.0.2" rev-constraint-dynamic="2.0.2" callerrev="1.0-SNAPSHOT"/>
				<artifacts>
					<artifact name="netty-resolver" type="src" ext="jar" extra-classifier="sources" status="no" details="" size="18577" time="0" location="/home/mosa/.ivy2/cache/org.asynchttpclient/netty-resolver/srcs/netty-resolver-2.0.2-sources.jar">
						<origin-location is-local="false" location="https://repo1.maven.org/maven2/org/asynchttpclient/netty-resolver/2.0.2/netty-resolver-2.0.2-sources.jar"/>
					</artifact>
				</artifacts>
			</revision>
		</module>
		<module organisation="com.typesafe.play" name="play-cache_2.11">
			<revision name="2.5.4" status="release" pubdate="20160610052214" resolver="sbt-chain" artresolver="sbt-chain" homepage="https://playframework.com" downloaded="false" searched="false" default="false" conf="default, compile, runtime, default(compile), master" position="28">
				<license name="Apache-2.0" url="http://www.apache.org/licenses/LICENSE-2.0.html"/>
				<metadata-artifact status="no" details="" size="3565" time="0" location="/home/mosa/.ivy2/cache/com.typesafe.play/play-cache_2.11/ivy-2.5.4.xml" searched="false" origin-is-local="false" origin-location="https://repo1.maven.org/maven2/com/typesafe/play/play-cache_2.11/2.5.4/play-cache_2.11-2.5.4.pom"/>
				<caller organisation="test" name="test$sources_2.11" conf="compile, runtime-internal, runtime, optional" rev="2.5.4" rev-constraint-default="2.5.4" rev-constraint-dynamic="2.5.4" callerrev="1.0-SNAPSHOT"/>
				<artifacts>
					<artifact name="play-cache_2.11" type="src" ext="jar" extra-classifier="sources" status="no" details="" size="12863" time="0" location="/home/mosa/.ivy2/cache/com.typesafe.play/play-cache_2.11/srcs/play-cache_2.11-2.5.4-sources.jar">
						<origin-location is-local="false" location="https://repo1.maven.org/maven2/com/typesafe/play/play-cache_2.11/2.5.4/play-cache_2.11-2.5.4-sources.jar"/>
					</artifact>
				</artifacts>
			</revision>
		</module>
		<module organisation="net.sf.ehcache" name="ehcache-core">
			<revision name="2.6.11" status="release" pubdate="20150422191931" resolver="sbt-chain" artresolver="sbt-chain" homepage="http://ehcache.org" downloaded="false" searched="false" default="false" conf="compile, runtime(*), master(compile), runtime, compile(*), master" position="61">
				<license name="The Apache Software License, Version 2.0" url="src/assemble/EHCACHE-CORE-LICENSE.txt"/>
				<metadata-artifact status="no" details="" size="8541" time="0" location="/home/mosa/.ivy2/cache/net.sf.ehcache/ehcache-core/ivy-2.6.11.xml" searched="false" origin-is-local="false" origin-location="https://repo1.maven.org/maven2/net/sf/ehcache/ehcache-core/2.6.11/ehcache-core-2.6.11.pom"/>
				<caller organisation="test" name="test$sources_2.11" conf="compile, runtime-internal, runtime, optional" rev="2.6.11" rev-constraint-default="2.6.11" rev-constraint-dynamic="2.6.11" callerrev="1.0-SNAPSHOT"/>
				<artifacts>
					<artifact name="ehcache-core" type="src" ext="jar" extra-classifier="sources" status="no" details="" size="1009416" time="0" location="/home/mosa/.ivy2/cache/net.sf.ehcache/ehcache-core/srcs/ehcache-core-2.6.11-sources.jar">
						<origin-location is-local="false" location="https://repo1.maven.org/maven2/net/sf/ehcache/ehcache-core/2.6.11/ehcache-core-2.6.11-sources.jar"/>
					</artifact>
				</artifacts>
			</revision>
		</module>
		<module organisation="commons-logging" name="commons-logging">
			<revision name="1.1.1" status="release" pubdate="20071126222410" resolver="sbt-chain" artresolver="sbt-chain" homepage="http://commons.apache.org/logging" downloaded="false" searched="false" default="false" conf="compile, runtime(*), master(compile), runtime, compile(*), master" position="42">
				<license name="The Apache Software License, Version 2.0" url="http://www.apache.org/licenses/LICENSE-2.0.txt"/>
				<metadata-artifact status="no" details="" size="4212" time="0" location="/home/mosa/.ivy2/cache/commons-logging/commons-logging/ivy-1.1.1.xml" searched="false" origin-is-local="false" origin-location="https://repo1.maven.org/maven2/commons-logging/commons-logging/1.1.1/commons-logging-1.1.1.pom"/>
				<caller organisation="test" name="test$sources_2.11" conf="compile, runtime-internal, runtime, optional" rev="1.1.1" rev-constraint-default="1.1.1" rev-constraint-dynamic="1.1.1" callerrev="1.0-SNAPSHOT"/>
				<artifacts>
					<artifact name="commons-logging" type="src" ext="jar" extra-classifier="sources" status="no" details="" size="74976" time="0" location="/home/mosa/.ivy2/cache/commons-logging/commons-logging/srcs/commons-logging-1.1.1-sources.jar">
						<origin-location is-local="false" location="https://repo1.maven.org/maven2/commons-logging/commons-logging/1.1.1/commons-logging-1.1.1-sources.jar"/>
					</artifact>
				</artifacts>
			</revision>
		</module>
		<module organisation="com.typesafe.play" name="play-logback_2.11">
			<revision name="2.5.4" status="release" pubdate="20160610052222" resolver="sbt-chain" artresolver="sbt-chain" homepage="https://playframework.com" downloaded="false" searched="false" default="false" conf="default, compile, runtime, default(compile), master" position="26">
				<license name="Apache-2.0" url="http://www.apache.org/licenses/LICENSE-2.0.html"/>
				<metadata-artifact status="no" details="" size="2952" time="0" location="/home/mosa/.ivy2/cache/com.typesafe.play/play-logback_2.11/ivy-2.5.4.xml" searched="false" origin-is-local="false" origin-location="https://repo1.maven.org/maven2/com/typesafe/play/play-logback_2.11/2.5.4/play-logback_2.11-2.5.4.pom"/>
				<caller organisation="test" name="test$sources_2.11" conf="compile, runtime-internal, runtime, optional" rev="2.5.4" rev-constraint-default="2.5.4" rev-constraint-dynamic="2.5.4" callerrev="1.0-SNAPSHOT"/>
				<artifacts>
					<artifact name="play-logback_2.11" type="src" ext="jar" extra-classifier="sources" status="no" details="" size="5802" time="0" location="/home/mosa/.ivy2/cache/com.typesafe.play/play-logback_2.11/srcs/play-logback_2.11-2.5.4-sources.jar">
						<origin-location is-local="false" location="https://repo1.maven.org/maven2/com/typesafe/play/play-logback_2.11/2.5.4/play-logback_2.11-2.5.4-sources.jar"/>
					</artifact>
				</artifacts>
			</revision>
		</module>
		<module organisation="com.zaxxer" name="HikariCP">
			<revision name="2.4.3" status="release" pubdate="20151203154311" resolver="sbt-chain" artresolver="sbt-chain" homepage="https://github.com/brettwooldridge/HikariCP" downloaded="false" searched="false" default="false" conf="compile, runtime(*), master(compile), runtime, compile(*), master" position="17">
				<license name="The Apache Software License, Version 2.0" url="http://www.apache.org/licenses/LICENSE-2.0.txt"/>
				<metadata-artifact status="no" details="" size="6643" time="0" location="/home/mosa/.ivy2/cache/com.zaxxer/HikariCP/ivy-2.4.3.xml" searched="false" origin-is-local="false" origin-location="https://repo1.maven.org/maven2/com/zaxxer/HikariCP/2.4.3/HikariCP-2.4.3.pom"/>
				<caller organisation="test" name="test$sources_2.11" conf="compile, runtime-internal, runtime, optional" rev="2.4.3" rev-constraint-default="2.4.3" rev-constraint-dynamic="2.4.3" callerrev="1.0-SNAPSHOT"/>
				<artifacts>
					<artifact name="HikariCP" type="src" ext="jar" extra-classifier="sources" status="no" details="" size="66068" time="0" location="/home/mosa/.ivy2/cache/com.zaxxer/HikariCP/srcs/HikariCP-2.4.3-sources.jar">
						<origin-location is-local="false" location="https://repo1.maven.org/maven2/com/zaxxer/HikariCP/2.4.3/HikariCP-2.4.3-sources.jar"/>
					</artifact>
				</artifacts>
			</revision>
		</module>
		<module organisation="org.javassist" name="javassist">
			<revision name="3.20.0-GA" status="release" pubdate="20150625140900" resolver="sbt-chain" artresolver="sbt-chain" homepage="http://www.javassist.org/" downloaded="false" searched="false" default="false" conf="compile, runtime(*), master(compile), runtime, compile(*), master" position="75">
				<license name="MPL 1.1" url="http://www.mozilla.org/MPL/MPL-1.1.html"/>
				<license name="LGPL 2.1" url="http://www.gnu.org/licenses/lgpl-2.1.html"/>
				<license name="Apache License 2.0" url="http://www.apache.org/licenses/"/>
				<metadata-artifact status="no" details="" size="3073" time="0" location="/home/mosa/.ivy2/cache/org.javassist/javassist/ivy-3.20.0-GA.xml" searched="false" origin-is-local="false" origin-location="https://jcenter.bintray.com/org/javassist/javassist/3.20.0-GA/javassist-3.20.0-GA.pom"/>
				<caller organisation="test" name="test$sources_2.11" conf="compile, runtime-internal, runtime, optional" rev="3.20.0-GA" rev-constraint-default="3.20.0-GA" rev-constraint-dynamic="3.20.0-GA" callerrev="1.0-SNAPSHOT"/>
				<artifacts>
					<artifact name="javassist" type="src" ext="jar" extra-classifier="sources" status="no" details="" size="521842" time="0" location="/home/mosa/.ivy2/cache/org.javassist/javassist/srcs/javassist-3.20.0-GA-sources.jar">
						<origin-location is-local="false" location="https://jcenter.bintray.com/org/javassist/javassist/3.20.0-GA/javassist-3.20.0-GA-sources.jar"/>
					</artifact>
				</artifacts>
			</revision>
		</module>
		<module organisation="oauth.signpost" name="signpost-core">
			<revision name="1.2.1.2" status="release" pubdate="20120226101606" resolver="sbt-chain" artresolver="sbt-chain" homepage="" downloaded="false" searched="false" default="false" conf="compile, runtime(*), master(compile), runtime, compile(*), master" position="16">
				<license name="The Apache Software License, Version 2.0" url="http://www.apache.org/licenses/LICENSE-2.0.txt"/>
				<metadata-artifact status="no" details="" size="3399" time="0" location="/home/mosa/.ivy2/cache/oauth.signpost/signpost-core/ivy-1.2.1.2.xml" searched="false" origin-is-local="false" origin-location="https://repo1.maven.org/maven2/oauth/signpost/signpost-core/1.2.1.2/signpost-core-1.2.1.2.pom"/>
				<caller organisation="test" name="test$sources_2.11" conf="compile, runtime-internal, runtime, optional" rev="1.2.1.2" rev-constraint-default="1.2.1.2" rev-constraint-dynamic="1.2.1.2" callerrev="1.0-SNAPSHOT"/>
				<artifacts>
					<artifact name="signpost-core" type="src" ext="jar" extra-classifier="sources" status="no" details="" size="50062" time="0" location="/home/mosa/.ivy2/cache/oauth.signpost/signpost-core/srcs/signpost-core-1.2.1.2-sources.jar">
						<origin-location is-local="false" location="https://repo1.maven.org/maven2/oauth/signpost/signpost-core/1.2.1.2/signpost-core-1.2.1.2-sources.jar"/>
					</artifact>
				</artifacts>
			</revision>
		</module>
		<module organisation="com.googlecode.usc" name="jdbcdslog">
			<revision name="1.0.6.2" status="release" pubdate="20111225084305" resolver="sbt-chain" artresolver="sbt-chain" homepage="http://code.google.com/p/jdbcdslog-exp/" downloaded="false" searched="false" default="false" conf="compile, runtime(*), master(compile), runtime, compile(*), master" position="15">
				<license name="Apache License,Version 2.0" url="http://www.apache.org/licenses/LICENSE-2.0"/>
				<metadata-artifact status="no" details="" size="4051" time="0" location="/home/mosa/.ivy2/cache/com.googlecode.usc/jdbcdslog/ivy-1.0.6.2.xml" searched="false" origin-is-local="false" origin-location="https://repo1.maven.org/maven2/com/googlecode/usc/jdbcdslog/1.0.6.2/jdbcdslog-1.0.6.2.pom"/>
				<caller organisation="test" name="test$sources_2.11" conf="compile, runtime-internal, runtime, optional" rev="1.0.6.2" rev-constraint-default="1.0.6.2" rev-constraint-dynamic="1.0.6.2" callerrev="1.0-SNAPSHOT"/>
				<artifacts>
					<artifact name="jdbcdslog" type="src" ext="jar" extra-classifier="sources" status="no" details="" size="19176" time="0" location="/home/mosa/.ivy2/cache/com.googlecode.usc/jdbcdslog/srcs/jdbcdslog-1.0.6.2-sources.jar">
						<origin-location is-local="false" location="https://repo1.maven.org/maven2/com/googlecode/usc/jdbcdslog/1.0.6.2/jdbcdslog-1.0.6.2-sources.jar"/>
					</artifact>
				</artifacts>
			</revision>
		</module>
		<module organisation="com.typesafe.play" name="play-netty-server_2.11">
			<revision name="2.5.4" status="release" pubdate="20160610052305" resolver="sbt-chain" artresolver="sbt-chain" homepage="https://playframework.com" downloaded="false" searched="false" default="false" conf="default, compile, runtime, default(compile), master" position="14">
				<license name="Apache-2.0" url="http://www.apache.org/licenses/LICENSE-2.0.html"/>
				<metadata-artifact status="no" details="" size="3767" time="0" location="/home/mosa/.ivy2/cache/com.typesafe.play/play-netty-server_2.11/ivy-2.5.4.xml" searched="false" origin-is-local="false" origin-location="https://repo1.maven.org/maven2/com/typesafe/play/play-netty-server_2.11/2.5.4/play-netty-server_2.11-2.5.4.pom"/>
				<caller organisation="test" name="test$sources_2.11" conf="compile, runtime-internal, runtime, optional" rev="2.5.4" rev-constraint-default="2.5.4" rev-constraint-dynamic="2.5.4" callerrev="1.0-SNAPSHOT"/>
				<artifacts>
					<artifact name="play-netty-server_2.11" type="src" ext="jar" extra-classifier="sources" status="no" details="" size="17261" time="0" location="/home/mosa/.ivy2/cache/com.typesafe.play/play-netty-server_2.11/srcs/play-netty-server_2.11-2.5.4-sources.jar">
						<origin-location is-local="false" location="https://repo1.maven.org/maven2/com/typesafe/play/play-netty-server_2.11/2.5.4/play-netty-server_2.11-2.5.4-sources.jar"/>
					</artifact>
				</artifacts>
			</revision>
		</module>
		<module organisation="io.netty" name="netty-transport-native-epoll">
			<revision name="4.0.36.Final" status="release" pubdate="20160404172725" resolver="sbt-chain" artresolver="sbt-chain" homepage="" downloaded="false" searched="false" default="false" conf="compile, runtime(*), master(compile), runtime, compile(*), master" position="44">
				<license name="Apache License, Version 2.0" url="http://www.apache.org/licenses/LICENSE-2.0"/>
				<metadata-artifact status="no" details="" size="14561" time="0" location="/home/mosa/.ivy2/cache/io.netty/netty-transport-native-epoll/ivy-4.0.36.Final.xml" searched="false" origin-is-local="false" origin-location="https://repo1.maven.org/maven2/io/netty/netty-transport-native-epoll/4.0.36.Final/netty-transport-native-epoll-4.0.36.Final.pom"/>
				<caller organisation="test" name="test$sources_2.11" conf="compile, runtime-internal, runtime, optional" rev="4.0.36.Final" rev-constraint-default="4.0.36.Final" rev-constraint-dynamic="4.0.36.Final" callerrev="1.0-SNAPSHOT"/>
				<artifacts>
					<artifact name="netty-transport-native-epoll" type="jar" ext="jar" extra-classifier="linux-x86_64" status="no" details="" size="142563" time="0" location="/home/mosa/.ivy2/cache/io.netty/netty-transport-native-epoll/jars/netty-transport-native-epoll-4.0.36.Final-linux-x86_64.jar">
						<origin-location is-local="false" location="UNKNOWN"/>
					</artifact>
				</artifacts>
			</revision>
		</module>
		<module organisation="com.typesafe.netty" name="netty-reactive-streams-http">
			<revision name="1.0.6" status="release" pubdate="20160524075350" resolver="sbt-chain" artresolver="sbt-chain" homepage="" downloaded="false" searched="false" default="false" conf="compile, runtime(*), master(compile), runtime, compile(*), master" position="60">
				<license name="Apache 2" url="http://www.apache.org/licenses/LICENSE-2.0.txt"/>
				<metadata-artifact status="no" details="" size="5035" time="0" location="/home/mosa/.ivy2/cache/com.typesafe.netty/netty-reactive-streams-http/ivy-1.0.6.xml" searched="false" origin-is-local="false" origin-location="https://repo1.maven.org/maven2/com/typesafe/netty/netty-reactive-streams-http/1.0.6/netty-reactive-streams-http-1.0.6.pom"/>
				<caller organisation="test" name="test$sources_2.11" conf="compile, runtime-internal, runtime, optional" rev="1.0.6" rev-constraint-default="1.0.6" rev-constraint-dynamic="1.0.6" callerrev="1.0-SNAPSHOT"/>
				<artifacts>
					<artifact name="netty-reactive-streams-http" type="src" ext="jar" extra-classifier="sources" status="no" details="" size="16175" time="0" location="/home/mosa/.ivy2/cache/com.typesafe.netty/netty-reactive-streams-http/srcs/netty-reactive-streams-http-1.0.6-sources.jar">
						<origin-location is-local="false" location="https://repo1.maven.org/maven2/com/typesafe/netty/netty-reactive-streams-http/1.0.6/netty-reactive-streams-http-1.0.6-sources.jar"/>
					</artifact>
				</artifacts>
			</revision>
		</module>
		<module organisation="io.netty" name="netty-codec-http">
			<revision name="4.0.36.Final" status="release" pubdate="20160404170315" resolver="sbt-chain" artresolver="sbt-chain" homepage="" downloaded="false" searched="false" default="false" conf="compile, runtime(*), master(compile), runtime, compile(*), master" position="38">
				<license name="Apache License, Version 2.0" url="http://www.apache.org/licenses/LICENSE-2.0"/>
				<metadata-artifact status="no" details="" size="13968" time="0" location="/home/mosa/.ivy2/cache/io.netty/netty-codec-http/ivy-4.0.36.Final.xml" searched="false" origin-is-local="false" origin-location="https://repo1.maven.org/maven2/io/netty/netty-codec-http/4.0.36.Final/netty-codec-http-4.0.36.Final.pom"/>
				<caller organisation="test" name="test$sources_2.11" conf="compile, runtime-internal, runtime, optional" rev="4.0.36.Final" rev-constraint-default="4.0.36.Final" rev-constraint-dynamic="4.0.36.Final" callerrev="1.0-SNAPSHOT"/>
				<artifacts>
					<artifact name="netty-codec-http" type="src" ext="jar" extra-classifier="sources" status="no" details="" size="348708" time="0" location="/home/mosa/.ivy2/cache/io.netty/netty-codec-http/srcs/netty-codec-http-4.0.36.Final-sources.jar">
						<origin-location is-local="false" location="https://repo1.maven.org/maven2/io/netty/netty-codec-http/4.0.36.Final/netty-codec-http-4.0.36.Final-sources.jar"/>
					</artifact>
				</artifacts>
			</revision>
		</module>
		<module organisation="com.typesafe.netty" name="netty-reactive-streams">
			<revision name="1.0.6" status="release" pubdate="20160524075341" resolver="sbt-chain" artresolver="sbt-chain" homepage="" downloaded="false" searched="false" default="false" conf="compile, runtime(*), master(compile), runtime, compile(*), master" position="52">
				<metadata-artifact status="no" details="" size="5213" time="0" location="/home/mosa/.ivy2/cache/com.typesafe.netty/netty-reactive-streams/ivy-1.0.6.xml" searched="false" origin-is-local="false" origin-location="https://jcenter.bintray.com/com/typesafe/netty/netty-reactive-streams/1.0.6/netty-reactive-streams-1.0.6.pom"/>
				<caller organisation="test" name="test$sources_2.11" conf="compile, runtime-internal, runtime, optional" rev="1.0.6" rev-constraint-default="1.0.6" rev-constraint-dynamic="1.0.6" callerrev="1.0-SNAPSHOT"/>
				<artifacts>
					<artifact name="netty-reactive-streams" type="src" ext="jar" extra-classifier="sources" status="no" details="" size="6825" time="0" location="/home/mosa/.ivy2/cache/com.typesafe.netty/netty-reactive-streams/srcs/netty-reactive-streams-1.0.6-sources.jar">
						<origin-location is-local="false" location="https://jcenter.bintray.com/com/typesafe/netty/netty-reactive-streams/1.0.6/netty-reactive-streams-1.0.6-sources.jar"/>
					</artifact>
				</artifacts>
			</revision>
		</module>
		<module organisation="io.netty" name="netty-handler">
			<revision name="4.0.36.Final" status="release" pubdate="20160404170236" resolver="sbt-chain" artresolver="sbt-chain" homepage="" downloaded="false" searched="false" default="false" conf="compile, runtime(*), master(compile), runtime, compile(*), master" position="25">
				<license name="Apache License, Version 2.0" url="http://www.apache.org/licenses/LICENSE-2.0"/>
				<metadata-artifact status="no" details="" size="14700" time="0" location="/home/mosa/.ivy2/cache/io.netty/netty-handler/ivy-4.0.36.Final.xml" searched="false" origin-is-local="false" origin-location="https://repo1.maven.org/maven2/io/netty/netty-handler/4.0.36.Final/netty-handler-4.0.36.Final.pom"/>
				<caller organisation="test" name="test$sources_2.11" conf="compile, runtime-internal, runtime, optional" rev="4.0.36.Final" rev-constraint-default="4.0.36.Final" rev-constraint-dynamic="4.0.36.Final" callerrev="1.0-SNAPSHOT"/>
				<artifacts>
					<artifact name="netty-handler" type="src" ext="jar" extra-classifier="sources" status="no" details="" size="185613" time="0" location="/home/mosa/.ivy2/cache/io.netty/netty-handler/srcs/netty-handler-4.0.36.Final-sources.jar">
						<origin-location is-local="false" location="https://repo1.maven.org/maven2/io/netty/netty-handler/4.0.36.Final/netty-handler-4.0.36.Final-sources.jar"/>
					</artifact>
				</artifacts>
			</revision>
		</module>
		<module organisation="com.typesafe.play" name="play-server_2.11">
			<revision name="2.5.4" status="release" pubdate="20160610052207" resolver="sbt-chain" artresolver="sbt-chain" homepage="https://playframework.com" downloaded="false" searched="false" default="false" conf="default, compile, runtime(*), master(compile), runtime, default(compile), compile(*), master" position="20">
				<license name="Apache-2.0" url="http://www.apache.org/licenses/LICENSE-2.0.html"/>
				<metadata-artifact status="no" details="" size="3564" time="0" location="/home/mosa/.ivy2/cache/com.typesafe.play/play-server_2.11/ivy-2.5.4.xml" searched="false" origin-is-local="false" origin-location="https://repo1.maven.org/maven2/com/typesafe/play/play-server_2.11/2.5.4/play-server_2.11-2.5.4.pom"/>
				<caller organisation="test" name="test$sources_2.11" conf="compile, runtime-internal, runtime, optional" rev="2.5.4" rev-constraint-default="2.5.4" rev-constraint-dynamic="2.5.4" callerrev="1.0-SNAPSHOT"/>
				<artifacts>
					<artifact name="play-server_2.11" type="src" ext="jar" extra-classifier="sources" status="no" details="" size="34162" time="0" location="/home/mosa/.ivy2/cache/com.typesafe.play/play-server_2.11/srcs/play-server_2.11-2.5.4-sources.jar">
						<origin-location is-local="false" location="https://repo1.maven.org/maven2/com/typesafe/play/play-server_2.11/2.5.4/play-server_2.11-2.5.4-sources.jar"/>
					</artifact>
				</artifacts>
			</revision>
		</module>
		<module organisation="com.typesafe.play" name="play-jdbc-api_2.11">
			<revision name="2.5.4" status="release" pubdate="20160610052218" resolver="sbt-chain" artresolver="sbt-chain" homepage="https://playframework.com" downloaded="false" searched="false" default="false" conf="compile, runtime(*), master(compile), runtime, compile(*), master" position="10">
				<license name="Apache-2.0" url="http://www.apache.org/licenses/LICENSE-2.0.html"/>
				<metadata-artifact status="no" details="" size="2807" time="0" location="/home/mosa/.ivy2/cache/com.typesafe.play/play-jdbc-api_2.11/ivy-2.5.4.xml" searched="false" origin-is-local="false" origin-location="https://repo1.maven.org/maven2/com/typesafe/play/play-jdbc-api_2.11/2.5.4/play-jdbc-api_2.11-2.5.4.pom"/>
				<caller organisation="test" name="test$sources_2.11" conf="compile, runtime-internal, runtime, optional" rev="2.5.4" rev-constraint-default="2.5.4" rev-constraint-dynamic="2.5.4" callerrev="1.0-SNAPSHOT"/>
				<artifacts>
					<artifact name="play-jdbc-api_2.11" type="src" ext="jar" extra-classifier="sources" status="no" details="" size="5388" time="0" location="/home/mosa/.ivy2/cache/com.typesafe.play/play-jdbc-api_2.11/srcs/play-jdbc-api_2.11-2.5.4-sources.jar">
						<origin-location is-local="false" location="https://repo1.maven.org/maven2/com/typesafe/play/play-jdbc-api_2.11/2.5.4/play-jdbc-api_2.11-2.5.4-sources.jar"/>
					</artifact>
				</artifacts>
			</revision>
		</module>
		<module organisation="com.typesafe.play" name="play_2.11">
			<revision name="2.5.4" status="release" pubdate="20160610052200" resolver="sbt-chain" artresolver="sbt-chain" homepage="https://playframework.com" downloaded="false" searched="false" default="false" conf="compile, runtime(*), master(compile), runtime, compile(*), master" position="5">
				<license name="Apache-2.0" url="http://www.apache.org/licenses/LICENSE-2.0.html"/>
				<metadata-artifact status="no" details="" size="8188" time="0" location="/home/mosa/.ivy2/cache/com.typesafe.play/play_2.11/ivy-2.5.4.xml" searched="false" origin-is-local="false" origin-location="https://repo1.maven.org/maven2/com/typesafe/play/play_2.11/2.5.4/play_2.11-2.5.4.pom"/>
				<caller organisation="test" name="test$sources_2.11" conf="compile, runtime-internal, runtime, optional" rev="2.5.4" rev-constraint-default="2.5.4" rev-constraint-dynamic="2.5.4" callerrev="1.0-SNAPSHOT"/>
				<artifacts>
					<artifact name="play_2.11" type="src" ext="jar" extra-classifier="sources" status="no" details="" size="404935" time="0" location="/home/mosa/.ivy2/cache/com.typesafe.play/play_2.11/srcs/play_2.11-2.5.4-sources.jar">
						<origin-location is-local="false" location="https://repo1.maven.org/maven2/com/typesafe/play/play_2.11/2.5.4/play_2.11-2.5.4-sources.jar"/>
					</artifact>
				</artifacts>
			</revision>
		</module>
		<module organisation="com.google.guava" name="guava">
			<revision name="19.0" status="release" pubdate="20151209225835" resolver="sbt-chain" artresolver="sbt-chain" homepage="" downloaded="false" searched="false" default="false" conf="compile, runtime(*), master(compile), runtime, compile(*), master" position="34">
				<license name="The Apache Software License, Version 2.0" url="http://www.apache.org/licenses/LICENSE-2.0.txt"/>
				<metadata-artifact status="no" details="" size="6356" time="0" location="/home/mosa/.ivy2/cache/com.google.guava/guava/ivy-19.0.xml" searched="false" origin-is-local="false" origin-location="https://repo1.maven.org/maven2/com/google/guava/guava/19.0/guava-19.0.pom"/>
				<caller organisation="test" name="test$sources_2.11" conf="compile, runtime-internal, runtime, optional" rev="19.0" rev-constraint-default="19.0" rev-constraint-dynamic="19.0" callerrev="1.0-SNAPSHOT"/>
				<artifacts>
					<artifact name="guava" type="src" ext="jar" extra-classifier="sources" status="no" details="" size="1319216" time="0" location="/home/mosa/.ivy2/cache/com.google.guava/guava/srcs/guava-19.0-sources.jar">
						<origin-location is-local="false" location="https://repo1.maven.org/maven2/com/google/guava/guava/19.0/guava-19.0-sources.jar"/>
					</artifact>
				</artifacts>
			</revision>
		</module>
		<module organisation="com.google.inject.extensions" name="guice-assistedinject">
			<revision name="4.0" status="release" pubdate="20150428223500" resolver="sbt-chain" artresolver="sbt-chain" homepage="" downloaded="false" searched="false" default="false" conf="compile, runtime(*), master(compile), runtime, compile(*), master" position="35">
				<license name="The Apache Software License, Version 2.0" url="http://www.apache.org/licenses/LICENSE-2.0.txt"/>
				<metadata-artifact status="no" details="" size="5099" time="0" location="/home/mosa/.ivy2/cache/com.google.inject.extensions/guice-assistedinject/ivy-4.0.xml" searched="false" origin-is-local="false" origin-location="https://repo1.maven.org/maven2/com/google/inject/extensions/guice-assistedinject/4.0/guice-assistedinject-4.0.pom"/>
				<caller organisation="test" name="test$sources_2.11" conf="compile, runtime-internal, runtime, optional" rev="4.0" rev-constraint-default="4.0" rev-constraint-dynamic="4.0" callerrev="1.0-SNAPSHOT"/>
				<artifacts>
					<artifact name="guice-assistedinject" type="src" ext="jar" extra-classifier="sources" status="no" details="" size="33987" time="0" location="/home/mosa/.ivy2/cache/com.google.inject.extensions/guice-assistedinject/srcs/guice-assistedinject-4.0-sources.jar">
						<origin-location is-local="false" location="https://repo1.maven.org/maven2/com/google/inject/extensions/guice-assistedinject/4.0/guice-assistedinject-4.0-sources.jar"/>
					</artifact>
				</artifacts>
			</revision>
		</module>
		<module organisation="com.google.inject" name="guice">
			<revision name="4.0" status="release" pubdate="20150428223326" resolver="sbt-chain" artresolver="sbt-chain" homepage="" downloaded="false" searched="false" default="false" conf="compile, runtime(*), master(compile), runtime, compile(*), master" position="51">
				<license name="The Apache Software License, Version 2.0" url="http://www.apache.org/licenses/LICENSE-2.0.txt"/>
				<metadata-artifact status="no" details="" size="5450" time="0" location="/home/mosa/.ivy2/cache/com.google.inject/guice/ivy-4.0.xml" searched="false" origin-is-local="false" origin-location="https://repo1.maven.org/maven2/com/google/inject/guice/4.0/guice-4.0.pom"/>
				<caller organisation="test" name="test$sources_2.11" conf="compile, runtime-internal, runtime, optional" rev="4.0" rev-constraint-default="4.0" rev-constraint-dynamic="4.0" callerrev="1.0-SNAPSHOT"/>
				<artifacts>
					<artifact name="guice" type="src" ext="jar" extra-classifier="sources" status="no" details="" size="305803" time="0" location="/home/mosa/.ivy2/cache/com.google.inject/guice/srcs/guice-4.0-sources.jar">
						<origin-location is-local="false" location="https://repo1.maven.org/maven2/com/google/inject/guice/4.0/guice-4.0-sources.jar"/>
					</artifact>
				</artifacts>
			</revision>
		</module>
		<module organisation="aopalliance" name="aopalliance">
			<revision name="1.0" status="release" pubdate="20070227004340" resolver="sbt-chain" artresolver="sbt-chain" homepage="http://aopalliance.sourceforge.net" downloaded="false" searched="false" default="false" conf="compile, runtime(*), master(compile), runtime, compile(*), master" position="62">
				<license name="Public Domain"/>
				<metadata-artifact status="no" details="" size="2417" time="0" location="/home/mosa/.ivy2/cache/aopalliance/aopalliance/ivy-1.0.xml" searched="false" origin-is-local="false" origin-location="https://repo1.maven.org/maven2/aopalliance/aopalliance/1.0/aopalliance-1.0.pom"/>
				<caller organisation="test" name="test$sources_2.11" conf="compile, runtime-internal, runtime, optional" rev="1.0" rev-constraint-default="1.0" rev-constraint-dynamic="1.0" callerrev="1.0-SNAPSHOT"/>
				<artifacts>
					<artifact name="aopalliance" type="src" ext="jar" extra-classifier="sources" status="no" details="" size="21188" time="0" location="/home/mosa/.ivy2/cache/aopalliance/aopalliance/srcs/aopalliance-1.0-sources.jar">
						<origin-location is-local="false" location="https://repo1.maven.org/maven2/aopalliance/aopalliance/1.0/aopalliance-1.0-sources.jar"/>
					</artifact>
				</artifacts>
			</revision>
		</module>
		<module organisation="javax.inject" name="javax.inject">
			<revision name="1" status="release" pubdate="20091014013500" resolver="sbt-chain" artresolver="sbt-chain" homepage="http://code.google.com/p/atinject/" downloaded="false" searched="false" default="false" conf="compile, runtime(*), master(compile), runtime, compile(*), master" position="71">
				<license name="The Apache Software License, Version 2.0" url="http://www.apache.org/licenses/LICENSE-2.0.txt"/>
				<metadata-artifact status="no" details="" size="2506" time="0" location="/home/mosa/.ivy2/cache/javax.inject/javax.inject/ivy-1.xml" searched="false" origin-is-local="false" origin-location="https://jcenter.bintray.com/javax/inject/javax.inject/1/javax.inject-1.pom"/>
				<caller organisation="test" name="test$sources_2.11" conf="compile, runtime-internal, runtime, optional" rev="1" rev-constraint-default="1" rev-constraint-dynamic="1" callerrev="1.0-SNAPSHOT"/>
				<artifacts>
					<artifact name="javax.inject" type="src" ext="jar" extra-classifier="sources" status="no" details="" size="10928" time="0" location="/home/mosa/.ivy2/cache/javax.inject/javax.inject/srcs/javax.inject-1-sources.jar">
						<origin-location is-local="false" location="https://repo1.maven.org/maven2/javax/inject/javax.inject/1/javax.inject-1-sources.jar"/>
					</artifact>
				</artifacts>
			</revision>
		</module>
		<module organisation="javax.transaction" name="jta">
			<revision name="1.1" status="release" pubdate="20081028032721" resolver="sbt-chain" artresolver="sbt-chain" homepage="http://java.sun.com/products/jta" downloaded="false" searched="false" default="false" conf="compile, runtime(*), master(compile), runtime, compile(*), master" position="59">
				<metadata-artifact status="no" details="" size="2479" time="0" location="/home/mosa/.ivy2/cache/javax.transaction/jta/ivy-1.1.xml" searched="false" origin-is-local="false" origin-location="https://repo1.maven.org/maven2/javax/transaction/jta/1.1/jta-1.1.pom"/>
				<caller organisation="test" name="test$sources_2.11" conf="compile, runtime-internal, runtime, optional" rev="1.1" rev-constraint-default="1.1" rev-constraint-dynamic="1.1" callerrev="1.0-SNAPSHOT"/>
				<artifacts>
					<artifact name="jta" type="src" ext="jar" extra-classifier="sources" status="no" details="" size="25014" time="0" location="/home/mosa/.ivy2/cache/javax.transaction/jta/srcs/jta-1.1-sources.jar">
						<origin-location is-local="false" location="https://repo1.maven.org/maven2/javax/transaction/jta/1.1/jta-1.1-sources.jar"/>
					</artifact>
				</artifacts>
			</revision>
		</module>
		<module organisation="commons-codec" name="commons-codec">
			<revision name="1.10" status="release" pubdate="20141106161535" resolver="sbt-chain" artresolver="sbt-chain" homepage="http://commons.apache.org/proper/commons-codec/" downloaded="false" searched="false" default="false" conf="compile, runtime(*), master(compile), runtime, compile(*), master" position="49">
				<license name="Apache License, Version 2.0" url="http://www.apache.org/licenses/LICENSE-2.0.txt"/>
				<metadata-artifact status="no" details="" size="10608" time="0" location="/home/mosa/.ivy2/cache/commons-codec/commons-codec/ivy-1.10.xml" searched="false" origin-is-local="false" origin-location="https://repo1.maven.org/maven2/commons-codec/commons-codec/1.10/commons-codec-1.10.pom"/>
				<caller organisation="test" name="test$sources_2.11" conf="compile, runtime-internal, runtime, optional" rev="1.10" rev-constraint-default="1.10" rev-constraint-dynamic="1.10" callerrev="1.0-SNAPSHOT"/>
				<artifacts>
					<artifact name="commons-codec" type="src" ext="jar" extra-classifier="sources" status="no" details="" size="301032" time="0" location="/home/mosa/.ivy2/cache/commons-codec/commons-codec/srcs/commons-codec-1.10-sources.jar">
						<origin-location is-local="false" location="https://repo1.maven.org/maven2/commons-codec/commons-codec/1.10/commons-codec-1.10-sources.jar"/>
					</artifact>
				</artifacts>
			</revision>
		</module>
		<module organisation="com.typesafe.akka" name="akka-slf4j_2.11">
			<revision name="2.4.4" status="release" pubdate="20160413075946" resolver="sbt-chain" artresolver="sbt-chain" homepage="http://akka.io/" downloaded="false" searched="false" default="false" conf="compile, runtime(*), master(compile), runtime, compile(*), master" position="23">
				<license name="Apache License, Version 2.0" url="http://www.apache.org/licenses/LICENSE-2.0"/>
				<metadata-artifact status="no" details="" size="3199" time="0" location="/home/mosa/.ivy2/cache/com.typesafe.akka/akka-slf4j_2.11/ivy-2.4.4.xml" searched="false" origin-is-local="false" origin-location="https://repo1.maven.org/maven2/com/typesafe/akka/akka-slf4j_2.11/2.4.4/akka-slf4j_2.11-2.4.4.pom"/>
				<caller organisation="test" name="test$sources_2.11" conf="compile, runtime-internal, runtime, optional" rev="2.4.4" rev-constraint-default="2.4.4" rev-constraint-dynamic="2.4.4" callerrev="1.0-SNAPSHOT"/>
				<artifacts>
					<artifact name="akka-slf4j_2.11" type="src" ext="jar" extra-classifier="sources" status="no" details="" size="2280" time="0" location="/home/mosa/.ivy2/cache/com.typesafe.akka/akka-slf4j_2.11/srcs/akka-slf4j_2.11-2.4.4-sources.jar">
						<origin-location is-local="false" location="https://repo1.maven.org/maven2/com/typesafe/akka/akka-slf4j_2.11/2.4.4/akka-slf4j_2.11-2.4.4-sources.jar"/>
					</artifact>
				</artifacts>
			</revision>
		</module>
		<module organisation="com.typesafe.play" name="twirl-api_2.11">
			<revision name="1.1.1" status="release" pubdate="20150514070045" resolver="sbt-chain" artresolver="sbt-chain" homepage="https://github.com/playframework/twirl" downloaded="false" searched="false" default="false" conf="default, compile, runtime(*), master(compile), runtime, default(compile), compile(*), master" position="13">
				<license name="Apache-2.0" url="http://www.apache.org/licenses/LICENSE-2.0.html"/>
				<metadata-artifact status="no" details="" size="3456" time="0" location="/home/mosa/.ivy2/cache/com.typesafe.play/twirl-api_2.11/ivy-1.1.1.xml" searched="false" origin-is-local="false" origin-location="https://repo1.maven.org/maven2/com/typesafe/play/twirl-api_2.11/1.1.1/twirl-api_2.11-1.1.1.pom"/>
				<caller organisation="test" name="test$sources_2.11" conf="compile, runtime-internal, runtime, optional" rev="1.1.1" rev-constraint-default="1.1.1" rev-constraint-dynamic="1.1.1" callerrev="1.0-SNAPSHOT"/>
				<artifacts>
					<artifact name="twirl-api_2.11" type="src" ext="jar" extra-classifier="sources" status="no" details="" size="6270" time="0" location="/home/mosa/.ivy2/cache/com.typesafe.play/twirl-api_2.11/srcs/twirl-api_2.11-1.1.1-sources.jar">
						<origin-location is-local="false" location="https://repo1.maven.org/maven2/com/typesafe/play/twirl-api_2.11/1.1.1/twirl-api_2.11-1.1.1-sources.jar"/>
					</artifact>
				</artifacts>
			</revision>
		</module>
		<module organisation="org.scala-lang.modules" name="scala-xml_2.11">
			<revision name="1.0.1" status="release" pubdate="20140416052108" resolver="sbt-chain" artresolver="sbt-chain" homepage="http://www.scala-lang.org/" downloaded="false" searched="false" default="false" conf="compile, runtime(*), master(compile), runtime, compile(*), master" position="22">
				<license name="BSD 3-clause" url="http://opensource.org/licenses/BSD-3-Clause"/>
				<metadata-artifact status="no" details="" size="3126" time="0" location="/home/mosa/.ivy2/cache/org.scala-lang.modules/scala-xml_2.11/ivy-1.0.1.xml" searched="false" origin-is-local="false" origin-location="file:/home/mosa/Apps/activator/repository/org.scala-lang.modules/scala-xml_2.11/1.0.1/ivys/ivy.xml"/>
				<caller organisation="test" name="test$sources_2.11" conf="compile, runtime-internal, runtime, optional" rev="1.0.1" rev-constraint-default="1.0.1" rev-constraint-dynamic="1.0.1" callerrev="1.0-SNAPSHOT"/>
				<artifacts>
					<artifact name="scala-xml_2.11" type="src" ext="jar" extra-classifier="sources" status="no" details="" size="109171" time="0" location="/home/mosa/.ivy2/cache/org.scala-lang.modules/scala-xml_2.11/srcs/scala-xml_2.11-1.0.1-sources.jar">
						<origin-location is-local="false" location="https://repo1.maven.org/maven2/org/scala-lang/modules/scala-xml_2.11/1.0.1/scala-xml_2.11-1.0.1-sources.jar"/>
					</artifact>
				</artifacts>
			</revision>
		</module>
		<module organisation="com.typesafe.play" name="play-streams_2.11">
			<revision name="2.5.4" status="release" pubdate="20160610052140" resolver="sbt-chain" artresolver="sbt-chain" homepage="https://playframework.com" downloaded="false" searched="false" default="false" conf="compile, runtime(*), master(compile), runtime, compile(*), master" position="41">
				<license name="Apache-2.0" url="http://www.apache.org/licenses/LICENSE-2.0.html"/>
				<metadata-artifact status="no" details="" size="4243" time="0" location="/home/mosa/.ivy2/cache/com.typesafe.play/play-streams_2.11/ivy-2.5.4.xml" searched="false" origin-is-local="false" origin-location="https://repo1.maven.org/maven2/com/typesafe/play/play-streams_2.11/2.5.4/play-streams_2.11-2.5.4.pom"/>
				<caller organisation="test" name="test$sources_2.11" conf="compile, runtime-internal, runtime, optional" rev="2.5.4" rev-constraint-default="2.5.4" rev-constraint-dynamic="2.5.4" callerrev="1.0-SNAPSHOT"/>
				<artifacts>
					<artifact name="play-streams_2.11" type="src" ext="jar" extra-classifier="sources" status="no" details="" size="26811" time="0" location="/home/mosa/.ivy2/cache/com.typesafe.play/play-streams_2.11/srcs/play-streams_2.11-2.5.4-sources.jar">
						<origin-location is-local="false" location="https://repo1.maven.org/maven2/com/typesafe/play/play-streams_2.11/2.5.4/play-streams_2.11-2.5.4-sources.jar"/>
					</artifact>
				</artifacts>
			</revision>
		</module>
		<module organisation="com.typesafe.akka" name="akka-stream_2.11">
			<revision name="2.4.4" status="release" pubdate="20160413075935" resolver="sbt-chain" artresolver="sbt-chain" homepage="http://akka.io/" downloaded="false" searched="false" default="false" conf="compile, runtime(*), master(compile), runtime, compile(*), master" position="29">
				<license name="Apache License, Version 2.0" url="http://www.apache.org/licenses/LICENSE-2.0"/>
				<metadata-artifact status="no" details="" size="3359" time="0" location="/home/mosa/.ivy2/cache/com.typesafe.akka/akka-stream_2.11/ivy-2.4.4.xml" searched="false" origin-is-local="false" origin-location="https://repo1.maven.org/maven2/com/typesafe/akka/akka-stream_2.11/2.4.4/akka-stream_2.11-2.4.4.pom"/>
				<caller organisation="test" name="test$sources_2.11" conf="compile, runtime-internal, runtime, optional" rev="2.4.4" rev-constraint-default="2.4.4" rev-constraint-dynamic="2.4.4" callerrev="1.0-SNAPSHOT"/>
				<artifacts>
					<artifact name="akka-stream_2.11" type="src" ext="jar" extra-classifier="sources" status="no" details="" size="336211" time="0" location="/home/mosa/.ivy2/cache/com.typesafe.akka/akka-stream_2.11/srcs/akka-stream_2.11-2.4.4-sources.jar">
						<origin-location is-local="false" location="https://repo1.maven.org/maven2/com/typesafe/akka/akka-stream_2.11/2.4.4/akka-stream_2.11-2.4.4-sources.jar"/>
					</artifact>
				</artifacts>
			</revision>
		</module>
		<module organisation="com.typesafe" name="ssl-config-akka_2.11">
			<revision name="0.2.1" status="release" pubdate="20160408143502" resolver="sbt-chain" artresolver="sbt-chain" homepage="https://github.com/typesafehub/ssl-config" downloaded="false" searched="false" default="false" conf="compile, runtime(*), master(compile), runtime, compile(*), master" position="9">
				<license name="Apache License, Version 2.0" url="http://www.apache.org/licenses/LICENSE-2.0"/>
				<metadata-artifact status="no" details="" size="3000" time="0" location="/home/mosa/.ivy2/cache/com.typesafe/ssl-config-akka_2.11/ivy-0.2.1.xml" searched="false" origin-is-local="false" origin-location="https://repo1.maven.org/maven2/com/typesafe/ssl-config-akka_2.11/0.2.1/ssl-config-akka_2.11-0.2.1.pom"/>
				<caller organisation="test" name="test$sources_2.11" conf="compile, runtime-internal, runtime, optional" rev="0.2.1" rev-constraint-default="0.2.1" rev-constraint-dynamic="0.2.1" callerrev="1.0-SNAPSHOT"/>
				<artifacts>
					<artifact name="ssl-config-akka_2.11" type="src" ext="jar" extra-classifier="sources" status="no" details="" size="5451" time="0" location="/home/mosa/.ivy2/cache/com.typesafe/ssl-config-akka_2.11/srcs/ssl-config-akka_2.11-0.2.1-sources.jar">
						<origin-location is-local="false" location="https://jcenter.bintray.com/com/typesafe/ssl-config-akka_2.11/0.2.1/ssl-config-akka_2.11-0.2.1-sources.jar"/>
					</artifact>
				</artifacts>
			</revision>
		</module>
		<module organisation="com.typesafe" name="ssl-config-core_2.11">
			<revision name="0.2.1" status="release" pubdate="20160408143507" resolver="sbt-chain" artresolver="sbt-chain" homepage="https://github.com/typesafehub/ssl-config" downloaded="false" searched="false" default="false" conf="compile, runtime(*), master(compile), runtime, compile(*), master" position="36">
				<license name="Apache License, Version 2.0" url="http://www.apache.org/licenses/LICENSE-2.0"/>
				<metadata-artifact status="no" details="" size="3001" time="0" location="/home/mosa/.ivy2/cache/com.typesafe/ssl-config-core_2.11/ivy-0.2.1.xml" searched="false" origin-is-local="false" origin-location="https://repo1.maven.org/maven2/com/typesafe/ssl-config-core_2.11/0.2.1/ssl-config-core_2.11-0.2.1.pom"/>
				<caller organisation="test" name="test$sources_2.11" conf="compile, runtime-internal, runtime, optional" rev="0.2.1" rev-constraint-default="0.2.1" rev-constraint-dynamic="0.2.1" callerrev="1.0-SNAPSHOT"/>
				<artifacts>
					<artifact name="ssl-config-core_2.11" type="src" ext="jar" extra-classifier="sources" status="no" details="" size="49384" time="0" location="/home/mosa/.ivy2/cache/com.typesafe/ssl-config-core_2.11/srcs/ssl-config-core_2.11-0.2.1-sources.jar">
						<origin-location is-local="false" location="https://jcenter.bintray.com/com/typesafe/ssl-config-core_2.11/0.2.1/ssl-config-core_2.11-0.2.1-sources.jar"/>
					</artifact>
				</artifacts>
			</revision>
		</module>
		<module organisation="org.scala-lang.modules" name="scala-parser-combinators_2.11">
			<revision name="1.0.4" status="release" pubdate="20150430160700" resolver="sbt-chain" artresolver="sbt-chain" homepage="http://www.scala-lang.org/" downloaded="false" searched="false" default="false" conf="compile, runtime(*), master(compile), runtime, compile(*), master" position="18">
				<license name="BSD 3-clause" url="http://opensource.org/licenses/BSD-3-Clause"/>
				<metadata-artifact status="no" details="" size="2929" time="0" location="/home/mosa/.ivy2/cache/org.scala-lang.modules/scala-parser-combinators_2.11/ivy-1.0.4.xml" searched="false" origin-is-local="false" origin-location="https://jcenter.bintray.com/org/scala-lang/modules/scala-parser-combinators_2.11/1.0.4/scala-parser-combinators_2.11-1.0.4.pom"/>
				<caller organisation="test" name="test$sources_2.11" conf="compile, runtime-internal, runtime, optional" rev="1.0.4" rev-constraint-default="1.0.4" rev-constraint-dynamic="1.0.4" callerrev="1.0-SNAPSHOT"/>
				<artifacts>
					<artifact name="scala-parser-combinators_2.11" type="src" ext="jar" extra-classifier="sources" status="no" details="" size="42276" time="0" location="/home/mosa/.ivy2/cache/org.scala-lang.modules/scala-parser-combinators_2.11/srcs/scala-parser-combinators_2.11-1.0.4-sources.jar">
						<origin-location is-local="false" location="https://jcenter.bintray.com/org/scala-lang/modules/scala-parser-combinators_2.11/1.0.4/scala-parser-combinators_2.11-1.0.4-sources.jar"/>
					</artifact>
				</artifacts>
			</revision>
		</module>
		<module organisation="com.typesafe.akka" name="akka-actor_2.11">
			<revision name="2.4.4" status="release" pubdate="20160413075803" resolver="sbt-chain" artresolver="sbt-chain" homepage="http://akka.io/" downloaded="false" searched="false" default="false" conf="compile, runtime(*), master(compile), runtime, compile(*), master" position="46">
				<license name="Apache License, Version 2.0" url="http://www.apache.org/licenses/LICENSE-2.0"/>
				<metadata-artifact status="no" details="" size="2956" time="0" location="/home/mosa/.ivy2/cache/com.typesafe.akka/akka-actor_2.11/ivy-2.4.4.xml" searched="false" origin-is-local="false" origin-location="https://repo1.maven.org/maven2/com/typesafe/akka/akka-actor_2.11/2.4.4/akka-actor_2.11-2.4.4.pom"/>
				<caller organisation="test" name="test$sources_2.11" conf="compile, runtime-internal, runtime, optional" rev="2.4.4" rev-constraint-default="2.4.4" rev-constraint-dynamic="2.4.4" callerrev="1.0-SNAPSHOT"/>
				<artifacts>
					<artifact name="akka-actor_2.11" type="src" ext="jar" extra-classifier="sources" status="no" details="" size="386591" time="0" location="/home/mosa/.ivy2/cache/com.typesafe.akka/akka-actor_2.11/srcs/akka-actor_2.11-2.4.4-sources.jar">
						<origin-location is-local="false" location="https://repo1.maven.org/maven2/com/typesafe/akka/akka-actor_2.11/2.4.4/akka-actor_2.11-2.4.4-sources.jar"/>
					</artifact>
				</artifacts>
			</revision>
		</module>
		<module organisation="org.scala-lang.modules" name="scala-java8-compat_2.11">
			<revision name="0.7.0" status="release" pubdate="20150831130233" resolver="sbt-chain" artresolver="sbt-chain" homepage="http://www.scala-lang.org/" downloaded="false" searched="false" default="false" conf="compile, runtime(*), master(compile), runtime, compile(*), master" position="8">
				<license name="BSD 3-clause" url="http://opensource.org/licenses/BSD-3-Clause"/>
				<metadata-artifact status="no" details="" size="3036" time="0" location="/home/mosa/.ivy2/cache/org.scala-lang.modules/scala-java8-compat_2.11/ivy-0.7.0.xml" searched="false" origin-is-local="false" origin-location="https://repo1.maven.org/maven2/org/scala-lang/modules/scala-java8-compat_2.11/0.7.0/scala-java8-compat_2.11-0.7.0.pom"/>
				<caller organisation="test" name="test$sources_2.11" conf="compile, runtime-internal, runtime, optional" rev="0.7.0" rev-constraint-default="0.7.0" rev-constraint-dynamic="0.7.0" callerrev="1.0-SNAPSHOT"/>
				<artifacts>
					<artifact name="scala-java8-compat_2.11" type="src" ext="jar" extra-classifier="sources" status="no" details="" size="12469" time="0" location="/home/mosa/.ivy2/cache/org.scala-lang.modules/scala-java8-compat_2.11/srcs/scala-java8-compat_2.11-0.7.0-sources.jar">
						<origin-location is-local="false" location="https://jcenter.bintray.com/org/scala-lang/modules/scala-java8-compat_2.11/0.7.0/scala-java8-compat_2.11-0.7.0-sources.jar"/>
					</artifact>
				</artifacts>
			</revision>
		</module>
		<module organisation="org.apache.commons" name="commons-lang3">
			<revision name="3.4" status="release" pubdate="20150403143112" resolver="sbt-chain" artresolver="sbt-chain" homepage="http://commons.apache.org/proper/commons-lang/" downloaded="false" searched="false" default="false" conf="compile, runtime(*), master(compile), runtime, compile(*), master" position="6">
				<license name="Apache License, Version 2.0" url="http://www.apache.org/licenses/LICENSE-2.0.txt"/>
				<metadata-artifact status="no" details="" size="11673" time="0" location="/home/mosa/.ivy2/cache/org.apache.commons/commons-lang3/ivy-3.4.xml" searched="false" origin-is-local="false" origin-location="https://repo1.maven.org/maven2/org/apache/commons/commons-lang3/3.4/commons-lang3-3.4.pom"/>
				<caller organisation="test" name="test$sources_2.11" conf="compile, runtime-internal, runtime, optional" rev="3.4" rev-constraint-default="3.4" rev-constraint-dynamic="3.4" callerrev="1.0-SNAPSHOT"/>
				<artifacts>
					<artifact name="commons-lang3" type="src" ext="jar" extra-classifier="sources" status="no" details="" size="487156" time="0" location="/home/mosa/.ivy2/cache/org.apache.commons/commons-lang3/srcs/commons-lang3-3.4-sources.jar">
						<origin-location is-local="false" location="https://repo1.maven.org/maven2/org/apache/commons/commons-lang3/3.4/commons-lang3-3.4-sources.jar"/>
					</artifact>
				</artifacts>
			</revision>
		</module>
		<module organisation="org.reactivestreams" name="reactive-streams">
			<revision name="1.0.0" status="release" pubdate="20150429181454" resolver="sbt-chain" artresolver="sbt-chain" homepage="http://www.reactive-streams.org/" downloaded="false" searched="false" default="false" conf="compile, runtime(*), master(compile), runtime, compile(*), master" position="73">
				<license name="CC0" url="http://creativecommons.org/publicdomain/zero/1.0/"/>
				<metadata-artifact status="no" details="" size="2523" time="0" location="/home/mosa/.ivy2/cache/org.reactivestreams/reactive-streams/ivy-1.0.0.xml" searched="false" origin-is-local="false" origin-location="https://repo1.maven.org/maven2/org/reactivestreams/reactive-streams/1.0.0/reactive-streams-1.0.0.pom"/>
				<caller organisation="test" name="test$sources_2.11" conf="compile, runtime-internal, runtime, optional" rev="1.0.0" rev-constraint-default="1.0.0" rev-constraint-dynamic="1.0.0" callerrev="1.0-SNAPSHOT"/>
				<artifacts>
					<artifact name="reactive-streams" type="src" ext="jar" extra-classifier="sources" status="no" details="" size="3130" time="0" location="/home/mosa/.ivy2/cache/org.reactivestreams/reactive-streams/srcs/reactive-streams-1.0.0-sources.jar">
						<origin-location is-local="false" location="https://jcenter.bintray.com/org/reactivestreams/reactive-streams/1.0.0/reactive-streams-1.0.0-sources.jar"/>
					</artifact>
				</artifacts>
			</revision>
		</module>
		<module organisation="com.typesafe.play" name="play-netty-utils">
			<revision name="2.5.4" status="release" pubdate="20160610051835" resolver="sbt-chain" artresolver="sbt-chain" homepage="https://playframework.com" downloaded="false" searched="false" default="false" conf="compile, runtime(*), master(compile), runtime, compile(*), master" position="11">
				<license name="Apache-2.0" url="http://www.apache.org/licenses/LICENSE-2.0.html"/>
				<metadata-artifact status="no" details="" size="2936" time="0" location="/home/mosa/.ivy2/cache/com.typesafe.play/play-netty-utils/ivy-2.5.4.xml" searched="false" origin-is-local="false" origin-location="https://repo1.maven.org/maven2/com/typesafe/play/play-netty-utils/2.5.4/play-netty-utils-2.5.4.pom"/>
				<caller organisation="test" name="test$sources_2.11" conf="compile, runtime-internal, runtime, optional" rev="2.5.4" rev-constraint-default="2.5.4" rev-constraint-dynamic="2.5.4" callerrev="1.0-SNAPSHOT"/>
				<artifacts>
					<artifact name="play-netty-utils" type="src" ext="jar" extra-classifier="sources" status="no" details="" size="18950" time="0" location="/home/mosa/.ivy2/cache/com.typesafe.play/play-netty-utils/srcs/play-netty-utils-2.5.4-sources.jar">
						<origin-location is-local="false" location="https://repo1.maven.org/maven2/com/typesafe/play/play-netty-utils/2.5.4/play-netty-utils-2.5.4-sources.jar"/>
					</artifact>
				</artifacts>
			</revision>
		</module>
		<module organisation="org.slf4j" name="jcl-over-slf4j">
			<revision name="1.7.19" status="release" pubdate="20160314233504" resolver="sbt-chain" artresolver="sbt-chain" homepage="http://www.slf4j.org" downloaded="false" searched="false" default="false" conf="compile, runtime(*), master(compile), runtime, compile(*), master" position="67">
				<license name="MIT License" url="http://www.opensource.org/licenses/mit-license.php"/>
				<metadata-artifact status="no" details="" size="5275" time="0" location="/home/mosa/.ivy2/cache/org.slf4j/jcl-over-slf4j/ivy-1.7.19.xml" searched="false" origin-is-local="false" origin-location="https://repo1.maven.org/maven2/org/slf4j/jcl-over-slf4j/1.7.19/jcl-over-slf4j-1.7.19.pom"/>
				<caller organisation="test" name="test$sources_2.11" conf="compile, runtime-internal, runtime, optional" rev="1.7.19" rev-constraint-default="1.7.19" rev-constraint-dynamic="1.7.19" callerrev="1.0-SNAPSHOT"/>
				<artifacts>
					<artifact name="jcl-over-slf4j" type="src" ext="jar" extra-classifier="sources" status="no" details="" size="23213" time="0" location="/home/mosa/.ivy2/cache/org.slf4j/jcl-over-slf4j/srcs/jcl-over-slf4j-1.7.19-sources.jar">
						<origin-location is-local="false" location="https://repo1.maven.org/maven2/org/slf4j/jcl-over-slf4j/1.7.19/jcl-over-slf4j-1.7.19-sources.jar"/>
					</artifact>
				</artifacts>
			</revision>
		</module>
		<module organisation="org.slf4j" name="jul-to-slf4j">
			<revision name="1.7.19" status="release" pubdate="20160314233520" resolver="sbt-chain" artresolver="sbt-chain" homepage="http://www.slf4j.org" downloaded="false" searched="false" default="false" conf="compile, runtime(*), master(compile), runtime, compile(*), master" position="72">
				<license name="MIT License" url="http://www.opensource.org/licenses/mit-license.php"/>
				<metadata-artifact status="no" details="" size="5260" time="0" location="/home/mosa/.ivy2/cache/org.slf4j/jul-to-slf4j/ivy-1.7.19.xml" searched="false" origin-is-local="false" origin-location="https://repo1.maven.org/maven2/org/slf4j/jul-to-slf4j/1.7.19/jul-to-slf4j-1.7.19.pom"/>
				<caller organisation="test" name="test$sources_2.11" conf="compile, runtime-internal, runtime, optional" rev="1.7.19" rev-constraint-default="1.7.19" rev-constraint-dynamic="1.7.19" callerrev="1.0-SNAPSHOT"/>
				<artifacts>
					<artifact name="jul-to-slf4j" type="src" ext="jar" extra-classifier="sources" status="no" details="" size="4872" time="0" location="/home/mosa/.ivy2/cache/org.slf4j/jul-to-slf4j/srcs/jul-to-slf4j-1.7.19-sources.jar">
						<origin-location is-local="false" location="https://repo1.maven.org/maven2/org/slf4j/jul-to-slf4j/1.7.19/jul-to-slf4j-1.7.19-sources.jar"/>
					</artifact>
				</artifacts>
			</revision>
		</module>
		<module organisation="com.typesafe.play" name="play-json_2.11">
			<revision name="2.5.4" status="release" pubdate="20160610052107" resolver="sbt-chain" artresolver="sbt-chain" homepage="https://playframework.com" downloaded="false" searched="false" default="false" conf="compile, runtime(*), master(compile), runtime, compile(*), master" position="7">
				<license name="Apache-2.0" url="http://www.apache.org/licenses/LICENSE-2.0.html"/>
				<metadata-artifact status="no" details="" size="4857" time="0" location="/home/mosa/.ivy2/cache/com.typesafe.play/play-json_2.11/ivy-2.5.4.xml" searched="false" origin-is-local="false" origin-location="https://repo1.maven.org/maven2/com/typesafe/play/play-json_2.11/2.5.4/play-json_2.11-2.5.4.pom"/>
				<caller organisation="test" name="test$sources_2.11" conf="compile, runtime-internal, runtime, optional" rev="2.5.4" rev-constraint-default="2.5.4" rev-constraint-dynamic="2.5.4" callerrev="1.0-SNAPSHOT"/>
				<artifacts>
					<artifact name="play-json_2.11" type="src" ext="jar" extra-classifier="sources" status="no" details="" size="35373" time="0" location="/home/mosa/.ivy2/cache/com.typesafe.play/play-json_2.11/srcs/play-json_2.11-2.5.4-sources.jar">
						<origin-location is-local="false" location="https://repo1.maven.org/maven2/com/typesafe/play/play-json_2.11/2.5.4/play-json_2.11-2.5.4-sources.jar"/>
					</artifact>
				</artifacts>
			</revision>
		</module>
		<module organisation="com.fasterxml.jackson.datatype" name="jackson-datatype-jsr310">
			<revision name="2.7.1" status="release" pubdate="20160202190108" resolver="sbt-chain" artresolver="sbt-chain" homepage="http://wiki.fasterxml.com/JacksonModuleJSR310" downloaded="false" searched="false" default="false" conf="compile, runtime(*), master(compile), runtime, compile(*), master" position="50">
				<license name="The Apache Software License, Version 2.0" url="http://www.apache.org/licenses/LICENSE-2.0.txt"/>
				<metadata-artifact status="no" details="" size="7780" time="0" location="/home/mosa/.ivy2/cache/com.fasterxml.jackson.datatype/jackson-datatype-jsr310/ivy-2.7.1.xml" searched="false" origin-is-local="false" origin-location="https://repo1.maven.org/maven2/com/fasterxml/jackson/datatype/jackson-datatype-jsr310/2.7.1/jackson-datatype-jsr310-2.7.1.pom"/>
				<caller organisation="test" name="test$sources_2.11" conf="compile, runtime-internal, runtime, optional" rev="2.7.1" rev-constraint-default="2.7.1" rev-constraint-dynamic="2.7.1" callerrev="1.0-SNAPSHOT"/>
				<artifacts>
					<artifact name="jackson-datatype-jsr310" type="src" ext="jar" extra-classifier="sources" status="no" details="" size="57200" time="0" location="/home/mosa/.ivy2/cache/com.fasterxml.jackson.datatype/jackson-datatype-jsr310/srcs/jackson-datatype-jsr310-2.7.1-sources.jar">
						<origin-location is-local="false" location="https://repo1.maven.org/maven2/com/fasterxml/jackson/datatype/jackson-datatype-jsr310/2.7.1/jackson-datatype-jsr310-2.7.1-sources.jar"/>
					</artifact>
				</artifacts>
			</revision>
		</module>
		<module organisation="com.fasterxml.jackson.core" name="jackson-annotations">
			<revision name="2.7.1" status="release" pubdate="20160202080516" resolver="sbt-chain" artresolver="sbt-chain" homepage="http://github.com/FasterXML/jackson" downloaded="false" searched="false" default="false" conf="compile, runtime(*), master(compile), runtime, compile(*), master" position="39">
				<license name="The Apache Software License, Version 2.0" url="http://www.apache.org/licenses/LICENSE-2.0.txt"/>
				<metadata-artifact status="no" details="" size="6763" time="0" location="/home/mosa/.ivy2/cache/com.fasterxml.jackson.core/jackson-annotations/ivy-2.7.1.xml" searched="false" origin-is-local="false" origin-location="https://repo1.maven.org/maven2/com/fasterxml/jackson/core/jackson-annotations/2.7.1/jackson-annotations-2.7.1.pom"/>
				<caller organisation="test" name="test$sources_2.11" conf="compile, runtime-internal, runtime, optional" rev="2.7.1" rev-constraint-default="2.7.1" rev-constraint-dynamic="2.7.1" callerrev="1.0-SNAPSHOT"/>
				<artifacts>
					<artifact name="jackson-annotations" type="src" ext="jar" extra-classifier="sources" status="no" details="" size="53137" time="0" location="/home/mosa/.ivy2/cache/com.fasterxml.jackson.core/jackson-annotations/srcs/jackson-annotations-2.7.1-sources.jar">
						<origin-location is-local="false" location="https://repo1.maven.org/maven2/com/fasterxml/jackson/core/jackson-annotations/2.7.1/jackson-annotations-2.7.1-sources.jar"/>
					</artifact>
				</artifacts>
			</revision>
		</module>
		<module organisation="org.scala-lang" name="scala-reflect">
			<revision name="2.11.7" status="release" pubdate="20150622221746" resolver="sbt-chain" artresolver="sbt-chain" homepage="http://www.scala-lang.org/" extra-info.apiURL="http://www.scala-lang.org/api/2.11.7/" downloaded="false" searched="false" default="false" conf="compile, runtime(*), master(compile), runtime, compile(*), master" position="43">
				<license name="BSD 3-Clause" url="http://www.scala-lang.org/license.html"/>
				<metadata-artifact status="no" details="" size="2825" time="0" location="/home/mosa/.ivy2/cache/org.scala-lang/scala-reflect/ivy-2.11.7.xml" searched="false" origin-is-local="false" origin-location="https://repo1.maven.org/maven2/org/scala-lang/scala-reflect/2.11.7/scala-reflect-2.11.7.pom"/>
				<caller organisation="test" name="test$sources_2.11" conf="compile, runtime-internal, runtime, optional" rev="2.11.7" rev-constraint-default="2.11.7" rev-constraint-dynamic="2.11.7" callerrev="1.0-SNAPSHOT" extra-info.apiURL="http://www.scala-lang.org/api/2.11.7/"/>
				<artifacts>
					<artifact name="scala-reflect" type="src" ext="jar" extra-classifier="sources" status="no" details="" size="561516" time="0" location="/home/mosa/.ivy2/cache/org.scala-lang/scala-reflect/srcs/scala-reflect-2.11.7-sources.jar">
						<origin-location is-local="false" location="https://repo1.maven.org/maven2/org/scala-lang/scala-reflect/2.11.7/scala-reflect-2.11.7-sources.jar"/>
					</artifact>
				</artifacts>
			</revision>
		</module>
		<module organisation="org.joda" name="joda-convert">
			<revision name="1.8.1" status="release" pubdate="20151002125804" resolver="sbt-chain" artresolver="sbt-chain" homepage="http://www.joda.org/joda-convert/" downloaded="false" searched="false" default="false" conf="compile, runtime(*), master(compile), runtime, compile(*), master" position="31">
				<license name="Apache 2" url="http://www.apache.org/licenses/LICENSE-2.0.txt"/>
				<metadata-artifact status="no" details="" size="6434" time="0" location="/home/mosa/.ivy2/cache/org.joda/joda-convert/ivy-1.8.1.xml" searched="false" origin-is-local="false" origin-location="https://repo1.maven.org/maven2/org/joda/joda-convert/1.8.1/joda-convert-1.8.1.pom"/>
				<caller organisation="test" name="test$sources_2.11" conf="compile, runtime-internal, runtime, optional" rev="1.8.1" rev-constraint-default="1.8.1" rev-constraint-dynamic="1.8.1" callerrev="1.0-SNAPSHOT"/>
				<artifacts>
					<artifact name="joda-convert" type="src" ext="jar" extra-classifier="sources" status="no" details="" size="45686" time="0" location="/home/mosa/.ivy2/cache/org.joda/joda-convert/srcs/joda-convert-1.8.1-sources.jar">
						<origin-location is-local="false" location="https://repo1.maven.org/maven2/org/joda/joda-convert/1.8.1/joda-convert-1.8.1-sources.jar"/>
					</artifact>
				</artifacts>
			</revision>
		</module>
		<module organisation="com.typesafe.play" name="play-datacommons_2.11">
			<revision name="2.5.4" status="release" pubdate="20160610051949" resolver="sbt-chain" artresolver="sbt-chain" homepage="https://playframework.com" downloaded="false" searched="false" default="false" conf="compile, runtime(*), master(compile), runtime, compile(*), master" position="32">
				<license name="Apache-2.0" url="http://www.apache.org/licenses/LICENSE-2.0.html"/>
				<metadata-artifact status="no" details="" size="2671" time="0" location="/home/mosa/.ivy2/cache/com.typesafe.play/play-datacommons_2.11/ivy-2.5.4.xml" searched="false" origin-is-local="false" origin-location="https://repo1.maven.org/maven2/com/typesafe/play/play-datacommons_2.11/2.5.4/play-datacommons_2.11-2.5.4.pom"/>
				<caller organisation="test" name="test$sources_2.11" conf="compile, runtime-internal, runtime, optional" rev="2.5.4" rev-constraint-default="2.5.4" rev-constraint-dynamic="2.5.4" callerrev="1.0-SNAPSHOT"/>
				<artifacts>
					<artifact name="play-datacommons_2.11" type="src" ext="jar" extra-classifier="sources" status="no" details="" size="1620" time="0" location="/home/mosa/.ivy2/cache/com.typesafe.play/play-datacommons_2.11/srcs/play-datacommons_2.11-2.5.4-sources.jar">
						<origin-location is-local="false" location="https://repo1.maven.org/maven2/com/typesafe/play/play-datacommons_2.11/2.5.4/play-datacommons_2.11-2.5.4-sources.jar"/>
					</artifact>
				</artifacts>
			</revision>
		</module>
		<module organisation="com.typesafe.play" name="play-functional_2.11">
			<revision name="2.5.4" status="release" pubdate="20160610052040" resolver="sbt-chain" artresolver="sbt-chain" homepage="https://playframework.com" downloaded="false" searched="false" default="false" conf="compile, runtime(*), master(compile), runtime, compile(*), master" position="65">
				<license name="Apache-2.0" url="http://www.apache.org/licenses/LICENSE-2.0.html"/>
				<metadata-artifact status="no" details="" size="2668" time="0" location="/home/mosa/.ivy2/cache/com.typesafe.play/play-functional_2.11/ivy-2.5.4.xml" searched="false" origin-is-local="false" origin-location="https://repo1.maven.org/maven2/com/typesafe/play/play-functional_2.11/2.5.4/play-functional_2.11-2.5.4.pom"/>
				<caller organisation="test" name="test$sources_2.11" conf="compile, runtime-internal, runtime, optional" rev="2.5.4" rev-constraint-default="2.5.4" rev-constraint-dynamic="2.5.4" callerrev="1.0-SNAPSHOT"/>
				<artifacts>
					<artifact name="play-functional_2.11" type="src" ext="jar" extra-classifier="sources" status="no" details="" size="9826" time="0" location="/home/mosa/.ivy2/cache/com.typesafe.play/play-functional_2.11/srcs/play-functional_2.11-2.5.4-sources.jar">
						<origin-location is-local="false" location="https://repo1.maven.org/maven2/com/typesafe/play/play-functional_2.11/2.5.4/play-functional_2.11-2.5.4-sources.jar"/>
					</artifact>
				</artifacts>
			</revision>
		</module>
		<module organisation="com.typesafe.play" name="play-iteratees_2.11">
			<revision name="2.5.4" status="release" pubdate="20160610052024" resolver="sbt-chain" artresolver="sbt-chain" homepage="https://playframework.com" downloaded="false" searched="false" default="false" conf="compile, runtime(*), master(compile), runtime, compile(*), master" position="19">
				<license name="Apache-2.0" url="http://www.apache.org/licenses/LICENSE-2.0.html"/>
				<metadata-artifact status="no" details="" size="3461" time="0" location="/home/mosa/.ivy2/cache/com.typesafe.play/play-iteratees_2.11/ivy-2.5.4.xml" searched="false" origin-is-local="false" origin-location="https://repo1.maven.org/maven2/com/typesafe/play/play-iteratees_2.11/2.5.4/play-iteratees_2.11-2.5.4.pom"/>
				<caller organisation="test" name="test$sources_2.11" conf="compile, runtime-internal, runtime, optional" rev="2.5.4" rev-constraint-default="2.5.4" rev-constraint-dynamic="2.5.4" callerrev="1.0-SNAPSHOT"/>
				<artifacts>
					<artifact name="play-iteratees_2.11" type="src" ext="jar" extra-classifier="sources" status="no" details="" size="38040" time="0" location="/home/mosa/.ivy2/cache/com.typesafe.play/play-iteratees_2.11/srcs/play-iteratees_2.11-2.5.4-sources.jar">
						<origin-location is-local="false" location="https://repo1.maven.org/maven2/com/typesafe/play/play-iteratees_2.11/2.5.4/play-iteratees_2.11-2.5.4-sources.jar"/>
					</artifact>
				</artifacts>
			</revision>
		</module>
		<module organisation="com.typesafe" name="config">
			<revision name="1.3.0" status="release" pubdate="20150508174611" resolver="sbt-chain" artresolver="sbt-chain" homepage="https://github.com/typesafehub/config" downloaded="false" searched="false" default="false" conf="compile, runtime(*), master(compile), runtime, compile(*), master" position="70">
				<license name="Apache License, Version 2.0" url="http://www.apache.org/licenses/LICENSE-2.0"/>
				<metadata-artifact status="no" details="" size="2875" time="0" location="/home/mosa/.ivy2/cache/com.typesafe/config/ivy-1.3.0.xml" searched="false" origin-is-local="false" origin-location="https://repo1.maven.org/maven2/com/typesafe/config/1.3.0/config-1.3.0.pom"/>
				<caller organisation="test" name="test$sources_2.11" conf="compile, runtime-internal, runtime, optional" rev="1.3.0" rev-constraint-default="1.3.0" rev-constraint-dynamic="1.3.0" callerrev="1.0-SNAPSHOT"/>
				<artifacts>
					<artifact name="config" type="src" ext="jar" extra-classifier="sources" status="no" details="" size="167084" time="0" location="/home/mosa/.ivy2/cache/com.typesafe/config/srcs/config-1.3.0-sources.jar">
						<origin-location is-local="false" location="https://jcenter.bintray.com/com/typesafe/config/1.3.0/config-1.3.0-sources.jar"/>
					</artifact>
				</artifacts>
			</revision>
		</module>
		<module organisation="org.scala-stm" name="scala-stm_2.11">
			<revision name="0.7" status="release" pubdate="20140418064442" resolver="sbt-chain" artresolver="sbt-chain" homepage="http://nbronson.github.com/scala-stm/" downloaded="false" searched="false" default="false" conf="compile, runtime(*), master(compile), runtime, compile(*), master" position="55">
				<license name="BSD" url="https://github.com/nbronson/scala-stm/blob/master/LICENSE.txt"/>
				<metadata-artifact status="no" details="" size="2663" time="0" location="/home/mosa/.ivy2/cache/org.scala-stm/scala-stm_2.11/ivy-0.7.xml" searched="false" origin-is-local="false" origin-location="https://repo1.maven.org/maven2/org/scala-stm/scala-stm_2.11/0.7/scala-stm_2.11-0.7.pom"/>
				<caller organisation="test" name="test$sources_2.11" conf="compile, runtime-internal, runtime, optional" rev="0.7" rev-constraint-default="0.7" rev-constraint-dynamic="0.7" callerrev="1.0-SNAPSHOT"/>
				<artifacts>
					<artifact name="scala-stm_2.11" type="src" ext="jar" extra-classifier="sources" status="no" details="" size="116149" time="0" location="/home/mosa/.ivy2/cache/org.scala-stm/scala-stm_2.11/srcs/scala-stm_2.11-0.7-sources.jar">
						<origin-location is-local="false" location="https://repo1.maven.org/maven2/org/scala-stm/scala-stm_2.11/0.7/scala-stm_2.11-0.7-sources.jar"/>
					</artifact>
				</artifacts>
			</revision>
		</module>
		<module organisation="com.typesafe.play" name="build-link">
			<revision name="2.5.4" status="release" pubdate="20160610051831" resolver="sbt-chain" artresolver="sbt-chain" homepage="https://playframework.com" downloaded="false" searched="false" default="false" conf="compile, runtime(*), master(compile), runtime, compile(*), master" position="69">
				<license name="Apache-2.0" url="http://www.apache.org/licenses/LICENSE-2.0.html"/>
				<metadata-artifact status="no" details="" size="2647" time="0" location="/home/mosa/.ivy2/cache/com.typesafe.play/build-link/ivy-2.5.4.xml" searched="false" origin-is-local="false" origin-location="https://repo1.maven.org/maven2/com/typesafe/play/build-link/2.5.4/build-link-2.5.4.pom"/>
				<caller organisation="test" name="test$sources_2.11" conf="compile, runtime-internal, runtime, optional" rev="2.5.4" rev-constraint-default="2.5.4" rev-constraint-dynamic="2.5.4" callerrev="1.0-SNAPSHOT"/>
				<artifacts>
					<artifact name="build-link" type="src" ext="jar" extra-classifier="sources" status="no" details="" size="4397" time="0" location="/home/mosa/.ivy2/cache/com.typesafe.play/build-link/srcs/build-link-2.5.4-sources.jar">
						<origin-location is-local="false" location="https://repo1.maven.org/maven2/com/typesafe/play/build-link/2.5.4/build-link-2.5.4-sources.jar"/>
					</artifact>
				</artifacts>
			</revision>
		</module>
		<module organisation="com.typesafe.play" name="play-exceptions">
			<revision name="2.5.4" status="release" pubdate="20160610051837" resolver="sbt-chain" artresolver="sbt-chain" homepage="https://playframework.com" downloaded="false" searched="false" default="false" conf="compile, runtime(*), master(compile), runtime, compile(*), master" position="40">
				<license name="Apache-2.0" url="http://www.apache.org/licenses/LICENSE-2.0.html"/>
				<metadata-artifact status="no" details="" size="2478" time="0" location="/home/mosa/.ivy2/cache/com.typesafe.play/play-exceptions/ivy-2.5.4.xml" searched="false" origin-is-local="false" origin-location="https://repo1.maven.org/maven2/com/typesafe/play/play-exceptions/2.5.4/play-exceptions-2.5.4.pom"/>
				<caller organisation="test" name="test$sources_2.11" conf="compile, runtime-internal, runtime, optional" rev="2.5.4" rev-constraint-default="2.5.4" rev-constraint-dynamic="2.5.4" callerrev="1.0-SNAPSHOT"/>
				<artifacts>
					<artifact name="play-exceptions" type="src" ext="jar" extra-classifier="sources" status="no" details="" size="2292" time="0" location="/home/mosa/.ivy2/cache/com.typesafe.play/play-exceptions/srcs/play-exceptions-2.5.4-sources.jar">
						<origin-location is-local="false" location="https://repo1.maven.org/maven2/com/typesafe/play/play-exceptions/2.5.4/play-exceptions-2.5.4-sources.jar"/>
					</artifact>
				</artifacts>
			</revision>
		</module>
		<module organisation="org.scala-lang" name="scala-library">
			<revision name="2.11.7" status="release" pubdate="20150622221702" resolver="sbt-chain" artresolver="sbt-chain" homepage="http://www.scala-lang.org/" extra-info.apiURL="http://www.scala-lang.org/api/2.11.7/" downloaded="false" searched="false" default="false" conf="default, compile, runtime(*), master(compile), runtime, default(compile), compile(*), master" position="33">
				<license name="BSD 3-Clause" url="http://www.scala-lang.org/license.html"/>
				<metadata-artifact status="no" details="" size="2653" time="0" location="/home/mosa/.ivy2/cache/org.scala-lang/scala-library/ivy-2.11.7.xml" searched="false" origin-is-local="false" origin-location="https://repo1.maven.org/maven2/org/scala-lang/scala-library/2.11.7/scala-library-2.11.7.pom"/>
				<caller organisation="test" name="test$sources_2.11" conf="compile, runtime-internal, runtime, optional" rev="2.11.7" rev-constraint-default="2.11.7" rev-constraint-dynamic="2.11.7" callerrev="1.0-SNAPSHOT" extra-info.apiURL="http://www.scala-lang.org/api/2.11.7/"/>
				<artifacts>
					<artifact name="scala-library" type="src" ext="jar" extra-classifier="sources" status="no" details="" size="908307" time="0" location="/home/mosa/.ivy2/cache/org.scala-lang/scala-library/srcs/scala-library-2.11.7-sources.jar">
						<origin-location is-local="false" location="https://repo1.maven.org/maven2/org/scala-lang/scala-library/2.11.7/scala-library-2.11.7-sources.jar"/>
					</artifact>
				</artifacts>
			</revision>
		</module>
		<module organisation="xerces" name="xercesImpl">
			<revision name="2.11.0" status="release" pubdate="20130220222006" resolver="sbt-chain" artresolver="sbt-chain" homepage="https://xerces.apache.org/xerces2-j/" downloaded="false" searched="false" default="false" conf="compile, runtime(*), master(compile), runtime, compile(*), master" position="4">
				<license name="The Apache Software License, Version 2.0" url="http://www.apache.org/licenses/LICENSE-2.0.txt"/>
				<metadata-artifact status="no" details="" size="4398" time="0" location="/home/mosa/.ivy2/cache/xerces/xercesImpl/ivy-2.11.0.xml" searched="false" origin-is-local="false" origin-location="https://repo1.maven.org/maven2/xerces/xercesImpl/2.11.0/xercesImpl-2.11.0.pom"/>
				<caller organisation="test" name="test$sources_2.11" conf="compile, runtime-internal, runtime, optional" rev="2.11.0" rev-constraint-default="2.11.0" rev-constraint-dynamic="2.11.0" callerrev="1.0-SNAPSHOT"/>
				<artifacts>
					<artifact name="xercesImpl" type="src" ext="jar" extra-classifier="sources" status="no" details="" size="2081596" time="0" location="/home/mosa/.ivy2/cache/xerces/xercesImpl/srcs/xercesImpl-2.11.0-sources.jar">
						<origin-location is-local="false" location="https://repo1.maven.org/maven2/xerces/xercesImpl/2.11.0/xercesImpl-2.11.0-sources.jar"/>
					</artifact>
				</artifacts>
			</revision>
		</module>
		<module organisation="xml-apis" name="xml-apis">
			<revision name="1.4.01" status="release" pubdate="20110820021111" resolver="sbt-chain" artresolver="sbt-chain" homepage="http://xml.apache.org/commons/components/external/" downloaded="false" searched="false" default="false" conf="compile, runtime(*), master(compile), runtime, compile(*), master" position="64">
				<license name="The Apache Software License, Version 2.0" url="http://www.apache.org/licenses/LICENSE-2.0.txt"/>
				<license name="The SAX License" url="http://www.saxproject.org/copying.html"/>
				<license name="The W3C License" url="http://www.w3.org/TR/2004/REC-DOM-Level-3-Core-20040407/java-binding.zip"/>
				<metadata-artifact status="no" details="" size="3258" time="0" location="/home/mosa/.ivy2/cache/xml-apis/xml-apis/ivy-1.4.01.xml" searched="false" origin-is-local="false" origin-location="https://repo1.maven.org/maven2/xml-apis/xml-apis/1.4.01/xml-apis-1.4.01.pom"/>
				<caller organisation="test" name="test$sources_2.11" conf="compile, runtime-internal, runtime, optional" rev="1.4.01" rev-constraint-default="1.4.01" rev-constraint-dynamic="1.4.01" callerrev="1.0-SNAPSHOT"/>
				<artifacts>
					<artifact name="xml-apis" type="src" ext="jar" extra-classifier="sources" status="no" details="" size="656529" time="0" location="/home/mosa/.ivy2/cache/xml-apis/xml-apis/srcs/xml-apis-1.4.01-sources.jar">
						<origin-location is-local="false" location="https://repo1.maven.org/maven2/xml-apis/xml-apis/1.4.01/xml-apis-1.4.01-sources.jar"/>
					</artifact>
				</artifacts>
			</revision>
		</module>
		<module organisation="com.fasterxml.jackson.datatype" name="jackson-datatype-jdk8">
			<revision name="2.7.1" status="release" pubdate="20160202190418" resolver="sbt-chain" artresolver="sbt-chain" homepage="" downloaded="false" searched="false" default="false" conf="compile, runtime(*), master(compile), runtime, compile(*), master" position="2">
				<license name="The Apache Software License, Version 2.0" url="http://www.apache.org/licenses/LICENSE-2.0.txt"/>
				<metadata-artifact status="no" details="" size="7447" time="0" location="/home/mosa/.ivy2/cache/com.fasterxml.jackson.datatype/jackson-datatype-jdk8/ivy-2.7.1.xml" searched="false" origin-is-local="false" origin-location="https://repo1.maven.org/maven2/com/fasterxml/jackson/datatype/jackson-datatype-jdk8/2.7.1/jackson-datatype-jdk8-2.7.1.pom"/>
				<caller organisation="test" name="test$sources_2.11" conf="compile, runtime-internal, runtime, optional" rev="2.7.1" rev-constraint-default="2.7.1" rev-constraint-dynamic="2.7.1" callerrev="1.0-SNAPSHOT"/>
				<artifacts>
					<artifact name="jackson-datatype-jdk8" type="src" ext="jar" extra-classifier="sources" status="no" details="" size="16439" time="0" location="/home/mosa/.ivy2/cache/com.fasterxml.jackson.datatype/jackson-datatype-jdk8/srcs/jackson-datatype-jdk8-2.7.1-sources.jar">
						<origin-location is-local="false" location="https://repo1.maven.org/maven2/com/fasterxml/jackson/datatype/jackson-datatype-jdk8/2.7.1/jackson-datatype-jdk8-2.7.1-sources.jar"/>
					</artifact>
				</artifacts>
			</revision>
		</module>
		<module organisation="com.fasterxml.jackson.core" name="jackson-databind">
			<revision name="2.7.1" status="release" pubdate="20160202081612" resolver="sbt-chain" artresolver="sbt-chain" homepage="http://github.com/FasterXML/jackson" downloaded="false" searched="false" default="false" conf="compile, runtime(*), master(compile), runtime, compile(*), master" position="1">
				<license name="The Apache Software License, Version 2.0" url="http://www.apache.org/licenses/LICENSE-2.0.txt"/>
				<metadata-artifact status="no" details="" size="7835" time="0" location="/home/mosa/.ivy2/cache/com.fasterxml.jackson.core/jackson-databind/ivy-2.7.1.xml" searched="false" origin-is-local="false" origin-location="https://repo1.maven.org/maven2/com/fasterxml/jackson/core/jackson-databind/2.7.1/jackson-databind-2.7.1.pom"/>
				<caller organisation="test" name="test$sources_2.11" conf="compile, runtime-internal, runtime, optional" rev="2.7.1" rev-constraint-default="2.7.1" rev-constraint-dynamic="2.7.1" callerrev="1.0-SNAPSHOT"/>
				<artifacts>
					<artifact name="jackson-databind" type="src" ext="jar" extra-classifier="sources" status="no" details="" size="883966" time="0" location="/home/mosa/.ivy2/cache/com.fasterxml.jackson.core/jackson-databind/srcs/jackson-databind-2.7.1-sources.jar">
						<origin-location is-local="false" location="https://repo1.maven.org/maven2/com/fasterxml/jackson/core/jackson-databind/2.7.1/jackson-databind-2.7.1-sources.jar"/>
					</artifact>
				</artifacts>
			</revision>
		</module>
		<module organisation="com.fasterxml.jackson.core" name="jackson-core">
			<revision name="2.7.1" status="release" pubdate="20160202081020" resolver="sbt-chain" artresolver="sbt-chain" homepage="https://github.com/FasterXML/jackson-core" downloaded="false" searched="false" default="false" conf="compile, runtime(*), master(compile), runtime, compile(*), master" position="37">
				<license name="The Apache Software License, Version 2.0" url="http://www.apache.org/licenses/LICENSE-2.0.txt"/>
				<metadata-artifact status="no" details="" size="7216" time="0" location="/home/mosa/.ivy2/cache/com.fasterxml.jackson.core/jackson-core/ivy-2.7.1.xml" searched="false" origin-is-local="false" origin-location="https://repo1.maven.org/maven2/com/fasterxml/jackson/core/jackson-core/2.7.1/jackson-core-2.7.1.pom"/>
				<caller organisation="test" name="test$sources_2.11" conf="compile, runtime-internal, runtime, optional" rev="2.7.1" rev-constraint-default="2.7.1" rev-constraint-dynamic="2.7.1" callerrev="1.0-SNAPSHOT"/>
				<artifacts>
					<artifact name="jackson-core" type="src" ext="jar" extra-classifier="sources" status="no" details="" size="265042" time="0" location="/home/mosa/.ivy2/cache/com.fasterxml.jackson.core/jackson-core/srcs/jackson-core-2.7.1-sources.jar">
						<origin-location is-local="false" location="https://repo1.maven.org/maven2/com/fasterxml/jackson/core/jackson-core/2.7.1/jackson-core-2.7.1-sources.jar"/>
					</artifact>
				</artifacts>
			</revision>
		</module>
		<module organisation="org.asynchttpclient" name="netty-codec-dns">
			<revision name="2.0.2" status="release" pubdate="20160421175438" resolver="sbt-chain" artresolver="sbt-chain" homepage="" downloaded="false" searched="false" default="false" conf="compile, runtime(*), master(compile), runtime, compile(*), master" position="0">
				<license name="Apache License 2.0" url="http://www.apache.org/licenses/LICENSE-2.0.html"/>
				<metadata-artifact status="no" details="" size="9104" time="0" location="/home/mosa/.ivy2/cache/org.asynchttpclient/netty-codec-dns/ivy-2.0.2.xml" searched="false" origin-is-local="false" origin-location="https://repo1.maven.org/maven2/org/asynchttpclient/netty-codec-dns/2.0.2/netty-codec-dns-2.0.2.pom"/>
				<caller organisation="test" name="test$sources_2.11" conf="compile, runtime-internal, runtime, optional" rev="2.0.2" rev-constraint-default="2.0.2" rev-constraint-dynamic="2.0.2" callerrev="1.0-SNAPSHOT"/>
				<artifacts>
					<artifact name="netty-codec-dns" type="src" ext="jar" extra-classifier="sources" status="no" details="" size="43634" time="0" location="/home/mosa/.ivy2/cache/org.asynchttpclient/netty-codec-dns/srcs/netty-codec-dns-2.0.2-sources.jar">
						<origin-location is-local="false" location="https://repo1.maven.org/maven2/org/asynchttpclient/netty-codec-dns/2.0.2/netty-codec-dns-2.0.2-sources.jar"/>
					</artifact>
				</artifacts>
			</revision>
		</module>
		<module organisation="ch.qos.logback" name="logback-classic">
			<revision name="1.1.7" status="release" pubdate="20160329231826" resolver="sbt-chain" artresolver="sbt-chain" homepage="" downloaded="false" searched="false" default="false" conf="compile, runtime(*), master(compile), runtime, compile(*), master" position="30">
				<metadata-artifact status="no" details="" size="10072" time="0" location="/home/mosa/.ivy2/cache/ch.qos.logback/logback-classic/ivy-1.1.7.xml" searched="false" origin-is-local="false" origin-location="https://jcenter.bintray.com/ch/qos/logback/logback-classic/1.1.7/logback-classic-1.1.7.pom"/>
				<caller organisation="test" name="test$sources_2.11" conf="compile, runtime-internal, runtime, optional" rev="1.1.7" rev-constraint-default="1.1.7" rev-constraint-dynamic="1.1.7" callerrev="1.0-SNAPSHOT"/>
				<artifacts>
					<artifact name="logback-classic" type="src" ext="jar" extra-classifier="sources" status="no" details="" size="226208" time="0" location="/home/mosa/.ivy2/cache/ch.qos.logback/logback-classic/srcs/logback-classic-1.1.7-sources.jar">
						<origin-location is-local="false" location="https://jcenter.bintray.com/ch/qos/logback/logback-classic/1.1.7/logback-classic-1.1.7-sources.jar"/>
					</artifact>
				</artifacts>
			</revision>
		</module>
		<module organisation="ch.qos.logback" name="logback-core">
			<revision name="1.1.7" status="release" pubdate="20160329225153" resolver="sbt-chain" artresolver="sbt-chain" homepage="" downloaded="false" searched="false" default="false" conf="compile, runtime(*), master(compile), runtime, compile(*), master" position="21">
				<metadata-artifact status="no" details="" size="9264" time="0" location="/home/mosa/.ivy2/cache/ch.qos.logback/logback-core/ivy-1.1.7.xml" searched="false" origin-is-local="false" origin-location="https://jcenter.bintray.com/ch/qos/logback/logback-core/1.1.7/logback-core-1.1.7.pom"/>
				<caller organisation="test" name="test$sources_2.11" conf="compile, runtime-internal, runtime, optional" rev="1.1.7" rev-constraint-default="1.1.7" rev-constraint-dynamic="1.1.7" callerrev="1.0-SNAPSHOT"/>
				<artifacts>
					<artifact name="logback-core" type="src" ext="jar" extra-classifier="sources" status="no" details="" size="396578" time="0" location="/home/mosa/.ivy2/cache/ch.qos.logback/logback-core/srcs/logback-core-1.1.7-sources.jar">
						<origin-location is-local="false" location="https://jcenter.bintray.com/ch/qos/logback/logback-core/1.1.7/logback-core-1.1.7-sources.jar"/>
					</artifact>
				</artifacts>
			</revision>
		</module>
		<module organisation="joda-time" name="joda-time">
			<revision name="2.9.2" status="release" pubdate="20160128154408" resolver="sbt-chain" artresolver="sbt-chain" homepage="http://www.joda.org/joda-time/" downloaded="false" searched="false" default="false" conf="compile, runtime(*), master(compile), runtime, compile(*), master" position="27">
				<license name="Apache 2" url="http://www.apache.org/licenses/LICENSE-2.0.txt"/>
				<metadata-artifact status="no" details="" size="6595" time="0" location="/home/mosa/.ivy2/cache/joda-time/joda-time/ivy-2.9.2.xml" searched="false" origin-is-local="false" origin-location="https://repo1.maven.org/maven2/joda-time/joda-time/2.9.2/joda-time-2.9.2.pom"/>
				<caller organisation="test" name="test$sources_2.11" conf="compile, runtime-internal, runtime, optional" rev="2.9.2" rev-constraint-default="2.9.2" rev-constraint-dynamic="2.9.2" callerrev="1.0-SNAPSHOT"/>
				<artifacts>
					<artifact name="joda-time" type="src" ext="jar" extra-classifier="sources" status="no" details="" size="765887" time="0" location="/home/mosa/.ivy2/cache/joda-time/joda-time/srcs/joda-time-2.9.2-sources.jar">
						<origin-location is-local="false" location="https://repo1.maven.org/maven2/joda-time/joda-time/2.9.2/joda-time-2.9.2-sources.jar"/>
					</artifact>
				</artifacts>
			</revision>
		</module>
		<module organisation="org.slf4j" name="slf4j-api">
			<revision name="1.7.21" status="release" pubdate="20160404210802" resolver="sbt-chain" artresolver="sbt-chain" homepage="http://www.slf4j.org" downloaded="false" searched="false" default="false" conf="compile, runtime(*), master(compile), runtime, compile(*), master" position="3">
				<metadata-artifact status="no" details="" size="5293" time="0" location="/home/mosa/.ivy2/cache/org.slf4j/slf4j-api/ivy-1.7.21.xml" searched="false" origin-is-local="false" origin-location="https://jcenter.bintray.com/org/slf4j/slf4j-api/1.7.21/slf4j-api-1.7.21.pom"/>
				<caller organisation="test" name="test$sources_2.11" conf="compile, runtime-internal, runtime, optional" rev="1.7.21" rev-constraint-default="1.7.21" rev-constraint-dynamic="1.7.21" callerrev="1.0-SNAPSHOT"/>
				<artifacts>
					<artifact name="slf4j-api" type="src" ext="jar" extra-classifier="sources" status="no" details="" size="55663" time="0" location="/home/mosa/.ivy2/cache/org.slf4j/slf4j-api/srcs/slf4j-api-1.7.21-sources.jar">
						<origin-location is-local="false" location="https://jcenter.bintray.com/org/slf4j/slf4j-api/1.7.21/slf4j-api-1.7.21-sources.jar"/>
					</artifact>
				</artifacts>
			</revision>
		</module>
		<module organisation="io.netty" name="netty-codec">
			<revision name="4.0.36.Final" status="release" pubdate="20160404170136" resolver="sbt-chain" artresolver="sbt-chain" homepage="" downloaded="false" searched="false" default="false" conf="compile, runtime(*), master(compile), runtime, compile(*), master" position="12">
				<license name="Apache License, Version 2.0" url="http://www.apache.org/licenses/LICENSE-2.0"/>
				<metadata-artifact status="no" details="" size="14378" time="0" location="/home/mosa/.ivy2/cache/io.netty/netty-codec/ivy-4.0.36.Final.xml" searched="false" origin-is-local="false" origin-location="https://repo1.maven.org/maven2/io/netty/netty-codec/4.0.36.Final/netty-codec-4.0.36.Final.pom"/>
				<caller organisation="test" name="test$sources_2.11" conf="compile, runtime-internal, runtime, optional" rev="4.0.36.Final" rev-constraint-default="4.0.36.Final" rev-constraint-dynamic="4.0.36.Final" callerrev="1.0-SNAPSHOT"/>
				<artifacts>
					<artifact name="netty-codec" type="src" ext="jar" extra-classifier="sources" status="no" details="" size="132621" time="0" location="/home/mosa/.ivy2/cache/io.netty/netty-codec/srcs/netty-codec-4.0.36.Final-sources.jar">
						<origin-location is-local="false" location="https://repo1.maven.org/maven2/io/netty/netty-codec/4.0.36.Final/netty-codec-4.0.36.Final-sources.jar"/>
					</artifact>
				</artifacts>
			</revision>
		</module>
		<module organisation="io.netty" name="netty-transport">
			<revision name="4.0.36.Final" status="release" pubdate="20160404170056" resolver="sbt-chain" artresolver="sbt-chain" homepage="" downloaded="false" searched="false" default="false" conf="compile, runtime(*), master(compile), runtime, compile(*), master" position="53">
				<license name="Apache License, Version 2.0" url="http://www.apache.org/licenses/LICENSE-2.0"/>
				<metadata-artifact status="no" details="" size="13705" time="0" location="/home/mosa/.ivy2/cache/io.netty/netty-transport/ivy-4.0.36.Final.xml" searched="false" origin-is-local="false" origin-location="https://repo1.maven.org/maven2/io/netty/netty-transport/4.0.36.Final/netty-transport-4.0.36.Final.pom"/>
				<caller organisation="test" name="test$sources_2.11" conf="compile, runtime-internal, runtime, optional" rev="4.0.36.Final" rev-constraint-default="4.0.36.Final" rev-constraint-dynamic="4.0.36.Final" callerrev="1.0-SNAPSHOT"/>
				<artifacts>
					<artifact name="netty-transport" type="src" ext="jar" extra-classifier="sources" status="no" details="" size="246521" time="0" location="/home/mosa/.ivy2/cache/io.netty/netty-transport/srcs/netty-transport-4.0.36.Final-sources.jar">
						<origin-location is-local="false" location="https://repo1.maven.org/maven2/io/netty/netty-transport/4.0.36.Final/netty-transport-4.0.36.Final-sources.jar"/>
					</artifact>
				</artifacts>
			</revision>
		</module>
		<module organisation="io.netty" name="netty-buffer">
			<revision name="4.0.36.Final" status="release" pubdate="20160404165926" resolver="sbt-chain" artresolver="sbt-chain" homepage="" downloaded="false" searched="false" default="false" conf="compile, runtime(*), master(compile), runtime, compile(*), master" position="57">
				<license name="Apache License, Version 2.0" url="http://www.apache.org/licenses/LICENSE-2.0"/>
				<metadata-artifact status="no" details="" size="13699" time="0" location="/home/mosa/.ivy2/cache/io.netty/netty-buffer/ivy-4.0.36.Final.xml" searched="false" origin-is-local="false" origin-location="https://repo1.maven.org/maven2/io/netty/netty-buffer/4.0.36.Final/netty-buffer-4.0.36.Final.pom"/>
				<caller organisation="test" name="test$sources_2.11" conf="compile, runtime-internal, runtime, optional" rev="4.0.36.Final" rev-constraint-default="4.0.36.Final" rev-constraint-dynamic="4.0.36.Final" callerrev="1.0-SNAPSHOT"/>
				<artifacts>
					<artifact name="netty-buffer" type="src" ext="jar" extra-classifier="sources" status="no" details="" size="134533" time="0" location="/home/mosa/.ivy2/cache/io.netty/netty-buffer/srcs/netty-buffer-4.0.36.Final-sources.jar">
						<origin-location is-local="false" location="https://repo1.maven.org/maven2/io/netty/netty-buffer/4.0.36.Final/netty-buffer-4.0.36.Final-sources.jar"/>
					</artifact>
				</artifacts>
			</revision>
		</module>
		<module organisation="io.netty" name="netty-common">
			<revision name="4.0.36.Final" status="release" pubdate="20160404165817" resolver="sbt-chain" artresolver="sbt-chain" homepage="" downloaded="false" searched="false" default="false" conf="compile, runtime(*), master(compile), runtime, compile(*), master" position="24">
				<license name="Apache License, Version 2.0" url="http://www.apache.org/licenses/LICENSE-2.0"/>
				<metadata-artifact status="no" details="" size="14350" time="0" location="/home/mosa/.ivy2/cache/io.netty/netty-common/ivy-4.0.36.Final.xml" searched="false" origin-is-local="false" origin-location="https://repo1.maven.org/maven2/io/netty/netty-common/4.0.36.Final/netty-common-4.0.36.Final.pom"/>
				<caller organisation="test" name="test$sources_2.11" conf="compile, runtime-internal, runtime, optional" rev="4.0.36.Final" rev-constraint-default="4.0.36.Final" rev-constraint-dynamic="4.0.36.Final" callerrev="1.0-SNAPSHOT"/>
				<artifacts>
					<artifact name="netty-common" type="src" ext="jar" extra-classifier="sources" status="no" details="" size="330326" time="0" location="/home/mosa/.ivy2/cache/io.netty/netty-common/srcs/netty-common-4.0.36.Final-sources.jar">
						<origin-location is-local="false" location="https://repo1.maven.org/maven2/io/netty/netty-common/4.0.36.Final/netty-common-4.0.36.Final-sources.jar"/>
					</artifact>
				</artifacts>
			</revision>
		</module>
	</dependencies>
</ivy-report>
